[0.219s] DEBUG:colcon:Command line arguments: ['/usr/bin/colcon', 'build', '--packages-select', 'test_pub_sub']
[0.219s] DEBUG:colcon:Parsed command line arguments: Namespace(log_base=None, log_level=None, verb_name='build', build_base='build', install_base='install', merge_install=False, symlink_install=False, test_result_base=None, continue_on_error=False, executor='parallel', parallel_workers=4, event_handlers=None, ignore_user_meta=False, metas=['./colcon.meta'], base_paths=['.'], packages_ignore=None, packages_ignore_regex=None, paths=None, packages_up_to=None, packages_up_to_regex=None, packages_above=None, packages_above_and_dependencies=None, packages_above_depth=None, packages_select_by_dep=None, packages_skip_by_dep=None, packages_skip_up_to=None, packages_select_build_failed=False, packages_skip_build_finished=False, packages_select_test_failures=False, packages_skip_test_passed=False, packages_select=['test_pub_sub'], packages_skip=None, packages_select_regex=None, packages_skip_regex=None, packages_start=None, packages_end=None, allow_overriding=[], cmake_args=None, cmake_target=None, cmake_target_skip_unavailable=False, cmake_clean_cache=False, cmake_clean_first=False, cmake_force_configure=False, ament_cmake_args=None, catkin_cmake_args=None, catkin_skip_building_tests=False, mixin_files=None, mixin=None, verb_parser=<colcon_mixin.mixin.mixin_argument.MixinArgumentDecorator object at 0x7613b222fdc0>, verb_extension=<colcon_core.verb.build.BuildVerb object at 0x7613b222f880>, main=<bound method BuildVerb.main of <colcon_core.verb.build.BuildVerb object at 0x7613b222f880>>, mixin_verb=('build',))
[0.288s] Level 1:colcon.colcon_core.package_discovery:discover_packages(colcon_meta) check parameters
[0.288s] Level 1:colcon.colcon_core.package_discovery:discover_packages(recursive) check parameters
[0.288s] Level 1:colcon.colcon_core.package_discovery:discover_packages(ignore) check parameters
[0.288s] Level 1:colcon.colcon_core.package_discovery:discover_packages(path) check parameters
[0.288s] Level 1:colcon.colcon_core.package_discovery:discover_packages(colcon_meta) discover
[0.289s] Level 1:colcon.colcon_core.package_discovery:discover_packages(recursive) discover
[0.289s] INFO:colcon.colcon_core.package_discovery:Crawling recursively for packages in '/home/lydia-chheng/ros2_ws'
[0.289s] Level 1:colcon.colcon_core.package_identification:_identify(.) by extensions ['ignore', 'ignore_ament_install']
[0.289s] Level 1:colcon.colcon_core.package_identification:_identify(.) by extension 'ignore'
[0.289s] Level 1:colcon.colcon_core.package_identification:_identify(.) by extension 'ignore_ament_install'
[0.290s] Level 1:colcon.colcon_core.package_identification:_identify(.) by extensions ['colcon_pkg']
[0.290s] Level 1:colcon.colcon_core.package_identification:_identify(.) by extension 'colcon_pkg'
[0.290s] Level 1:colcon.colcon_core.package_identification:_identify(.) by extensions ['colcon_meta']
[0.290s] Level 1:colcon.colcon_core.package_identification:_identify(.) by extension 'colcon_meta'
[0.290s] Level 1:colcon.colcon_core.package_identification:_identify(.) by extensions ['ros']
[0.290s] Level 1:colcon.colcon_core.package_identification:_identify(.) by extension 'ros'
[0.325s] Level 1:colcon.colcon_core.package_identification:_identify(.) by extensions ['cmake', 'python']
[0.325s] Level 1:colcon.colcon_core.package_identification:_identify(.) by extension 'cmake'
[0.325s] Level 1:colcon.colcon_core.package_identification:_identify(.) by extension 'python'
[0.325s] Level 1:colcon.colcon_core.package_identification:_identify(.) by extensions ['python_setup_py']
[0.325s] Level 1:colcon.colcon_core.package_identification:_identify(.) by extension 'python_setup_py'
[0.326s] Level 1:colcon.colcon_core.package_identification:_identify(build) by extensions ['ignore', 'ignore_ament_install']
[0.326s] Level 1:colcon.colcon_core.package_identification:_identify(build) by extension 'ignore'
[0.326s] Level 1:colcon.colcon_core.package_identification:_identify(build) ignored
[0.326s] Level 1:colcon.colcon_core.package_identification:_identify(install) by extensions ['ignore', 'ignore_ament_install']
[0.326s] Level 1:colcon.colcon_core.package_identification:_identify(install) by extension 'ignore'
[0.326s] Level 1:colcon.colcon_core.package_identification:_identify(install) ignored
[0.327s] Level 1:colcon.colcon_core.package_identification:_identify(log) by extensions ['ignore', 'ignore_ament_install']
[0.327s] Level 1:colcon.colcon_core.package_identification:_identify(log) by extension 'ignore'
[0.327s] Level 1:colcon.colcon_core.package_identification:_identify(log) ignored
[0.327s] Level 1:colcon.colcon_core.package_identification:_identify(src) by extensions ['ignore', 'ignore_ament_install']
[0.327s] Level 1:colcon.colcon_core.package_identification:_identify(src) by extension 'ignore'
[0.327s] Level 1:colcon.colcon_core.package_identification:_identify(src) by extension 'ignore_ament_install'
[0.328s] Level 1:colcon.colcon_core.package_identification:_identify(src) by extensions ['colcon_pkg']
[0.328s] Level 1:colcon.colcon_core.package_identification:_identify(src) by extension 'colcon_pkg'
[0.328s] Level 1:colcon.colcon_core.package_identification:_identify(src) by extensions ['colcon_meta']
[0.328s] Level 1:colcon.colcon_core.package_identification:_identify(src) by extension 'colcon_meta'
[0.328s] Level 1:colcon.colcon_core.package_identification:_identify(src) by extensions ['ros']
[0.328s] Level 1:colcon.colcon_core.package_identification:_identify(src) by extension 'ros'
[0.328s] Level 1:colcon.colcon_core.package_identification:_identify(src) by extensions ['cmake', 'python']
[0.328s] Level 1:colcon.colcon_core.package_identification:_identify(src) by extension 'cmake'
[0.328s] Level 1:colcon.colcon_core.package_identification:_identify(src) by extension 'python'
[0.328s] Level 1:colcon.colcon_core.package_identification:_identify(src) by extensions ['python_setup_py']
[0.328s] Level 1:colcon.colcon_core.package_identification:_identify(src) by extension 'python_setup_py'
[0.328s] Level 1:colcon.colcon_core.package_identification:_identify(src/build) by extensions ['ignore', 'ignore_ament_install']
[0.329s] Level 1:colcon.colcon_core.package_identification:_identify(src/build) by extension 'ignore'
[0.329s] Level 1:colcon.colcon_core.package_identification:_identify(src/build) ignored
[0.329s] Level 1:colcon.colcon_core.package_identification:_identify(src/install) by extensions ['ignore', 'ignore_ament_install']
[0.329s] Level 1:colcon.colcon_core.package_identification:_identify(src/install) by extension 'ignore'
[0.329s] Level 1:colcon.colcon_core.package_identification:_identify(src/install) ignored
[0.329s] Level 1:colcon.colcon_core.package_identification:_identify(src/log) by extensions ['ignore', 'ignore_ament_install']
[0.329s] Level 1:colcon.colcon_core.package_identification:_identify(src/log) by extension 'ignore'
[0.329s] Level 1:colcon.colcon_core.package_identification:_identify(src/log) ignored
[0.330s] Level 1:colcon.colcon_core.package_identification:_identify(src/test1) by extensions ['ignore', 'ignore_ament_install']
[0.330s] Level 1:colcon.colcon_core.package_identification:_identify(src/test1) by extension 'ignore'
[0.330s] Level 1:colcon.colcon_core.package_identification:_identify(src/test1) by extension 'ignore_ament_install'
[0.330s] Level 1:colcon.colcon_core.package_identification:_identify(src/test1) by extensions ['colcon_pkg']
[0.330s] Level 1:colcon.colcon_core.package_identification:_identify(src/test1) by extension 'colcon_pkg'
[0.330s] Level 1:colcon.colcon_core.package_identification:_identify(src/test1) by extensions ['colcon_meta']
[0.330s] Level 1:colcon.colcon_core.package_identification:_identify(src/test1) by extension 'colcon_meta'
[0.330s] Level 1:colcon.colcon_core.package_identification:_identify(src/test1) by extensions ['ros']
[0.330s] Level 1:colcon.colcon_core.package_identification:_identify(src/test1) by extension 'ros'
[0.331s] DEBUG:colcon.colcon_core.package_identification:Failed to parse potential ROS package manifest in'src/test1': Error(s) in package 'src/test1/package.xml':
The manifest contains invalid XML:
not well-formed (invalid token): line 1, column 0
[0.332s] Level 1:colcon.colcon_core.package_identification:_identify(src/test1) by extensions ['cmake', 'python']
[0.332s] Level 1:colcon.colcon_core.package_identification:_identify(src/test1) by extension 'cmake'
[0.332s] Level 1:colcon.colcon_core.package_identification:_identify(src/test1) by extension 'python'
[0.332s] DEBUG:colcon.colcon_core.package_identification:Python package in 'src/test1' passes arguments to the setup() function which requires a different identification extension than 'python'
[0.332s] Level 1:colcon.colcon_core.package_identification:_identify(src/test1) by extensions ['python_setup_py']
[0.332s] Level 1:colcon.colcon_core.package_identification:_identify(src/test1) by extension 'python_setup_py'
[0.750s] DEBUG:colcon.colcon_core.package_identification:Package 'src/test1' with type 'python' and name 'test1'
[0.751s] Level 1:colcon.colcon_core.package_identification:_identify(src/test2) by extensions ['ignore', 'ignore_ament_install']
[0.751s] Level 1:colcon.colcon_core.package_identification:_identify(src/test2) by extension 'ignore'
[0.751s] Level 1:colcon.colcon_core.package_identification:_identify(src/test2) by extension 'ignore_ament_install'
[0.751s] Level 1:colcon.colcon_core.package_identification:_identify(src/test2) by extensions ['colcon_pkg']
[0.751s] Level 1:colcon.colcon_core.package_identification:_identify(src/test2) by extension 'colcon_pkg'
[0.751s] Level 1:colcon.colcon_core.package_identification:_identify(src/test2) by extensions ['colcon_meta']
[0.751s] Level 1:colcon.colcon_core.package_identification:_identify(src/test2) by extension 'colcon_meta'
[0.751s] Level 1:colcon.colcon_core.package_identification:_identify(src/test2) by extensions ['ros']
[0.751s] Level 1:colcon.colcon_core.package_identification:_identify(src/test2) by extension 'ros'
[0.756s] DEBUG:colcon.colcon_core.package_identification:Package 'src/test2' with type 'ros.ament_python' and name 'test2'
[0.756s] Level 1:colcon.colcon_core.package_identification:_identify(src/test_custom_msg_srv) by extensions ['ignore', 'ignore_ament_install']
[0.756s] Level 1:colcon.colcon_core.package_identification:_identify(src/test_custom_msg_srv) by extension 'ignore'
[0.757s] Level 1:colcon.colcon_core.package_identification:_identify(src/test_custom_msg_srv) by extension 'ignore_ament_install'
[0.757s] Level 1:colcon.colcon_core.package_identification:_identify(src/test_custom_msg_srv) by extensions ['colcon_pkg']
[0.757s] Level 1:colcon.colcon_core.package_identification:_identify(src/test_custom_msg_srv) by extension 'colcon_pkg'
[0.757s] Level 1:colcon.colcon_core.package_identification:_identify(src/test_custom_msg_srv) by extensions ['colcon_meta']
[0.757s] Level 1:colcon.colcon_core.package_identification:_identify(src/test_custom_msg_srv) by extension 'colcon_meta'
[0.757s] Level 1:colcon.colcon_core.package_identification:_identify(src/test_custom_msg_srv) by extensions ['ros']
[0.757s] Level 1:colcon.colcon_core.package_identification:_identify(src/test_custom_msg_srv) by extension 'ros'
[0.759s] DEBUG:colcon.colcon_core.package_identification:Package 'src/test_custom_msg_srv' with type 'ros.ament_cmake' and name 'test_custom_msg_srv'
[0.759s] Level 1:colcon.colcon_core.package_identification:_identify(src/test_pub_sub) by extensions ['ignore', 'ignore_ament_install']
[0.759s] Level 1:colcon.colcon_core.package_identification:_identify(src/test_pub_sub) by extension 'ignore'
[0.760s] Level 1:colcon.colcon_core.package_identification:_identify(src/test_pub_sub) by extension 'ignore_ament_install'
[0.760s] Level 1:colcon.colcon_core.package_identification:_identify(src/test_pub_sub) by extensions ['colcon_pkg']
[0.760s] Level 1:colcon.colcon_core.package_identification:_identify(src/test_pub_sub) by extension 'colcon_pkg'
[0.760s] Level 1:colcon.colcon_core.package_identification:_identify(src/test_pub_sub) by extensions ['colcon_meta']
[0.760s] Level 1:colcon.colcon_core.package_identification:_identify(src/test_pub_sub) by extension 'colcon_meta'
[0.760s] Level 1:colcon.colcon_core.package_identification:_identify(src/test_pub_sub) by extensions ['ros']
[0.760s] Level 1:colcon.colcon_core.package_identification:_identify(src/test_pub_sub) by extension 'ros'
[0.763s] DEBUG:colcon.colcon_core.package_identification:Package 'src/test_pub_sub' with type 'ros.ament_python' and name 'test_pub_sub'
[0.763s] Level 1:colcon.colcon_core.package_identification:_identify(src/test_srv_cli) by extensions ['ignore', 'ignore_ament_install']
[0.763s] Level 1:colcon.colcon_core.package_identification:_identify(src/test_srv_cli) by extension 'ignore'
[0.763s] Level 1:colcon.colcon_core.package_identification:_identify(src/test_srv_cli) by extension 'ignore_ament_install'
[0.764s] Level 1:colcon.colcon_core.package_identification:_identify(src/test_srv_cli) by extensions ['colcon_pkg']
[0.764s] Level 1:colcon.colcon_core.package_identification:_identify(src/test_srv_cli) by extension 'colcon_pkg'
[0.764s] Level 1:colcon.colcon_core.package_identification:_identify(src/test_srv_cli) by extensions ['colcon_meta']
[0.764s] Level 1:colcon.colcon_core.package_identification:_identify(src/test_srv_cli) by extension 'colcon_meta'
[0.764s] Level 1:colcon.colcon_core.package_identification:_identify(src/test_srv_cli) by extensions ['ros']
[0.764s] Level 1:colcon.colcon_core.package_identification:_identify(src/test_srv_cli) by extension 'ros'
[0.766s] DEBUG:colcon.colcon_core.package_identification:Package 'src/test_srv_cli' with type 'ros.ament_python' and name 'test_srv_cli'
[0.767s] Level 1:colcon.colcon_core.package_discovery:discover_packages(recursive) using defaults
[0.767s] Level 1:colcon.colcon_core.package_discovery:discover_packages(ignore) discover
[0.767s] Level 1:colcon.colcon_core.package_discovery:discover_packages(ignore) using defaults
[0.767s] Level 1:colcon.colcon_core.package_discovery:discover_packages(path) discover
[0.767s] Level 1:colcon.colcon_core.package_discovery:discover_packages(path) using defaults
[0.830s] INFO:colcon.colcon_core.package_selection:Skipping not selected package 'test1' in 'src/test1'
[0.830s] INFO:colcon.colcon_core.package_selection:Skipping not selected package 'test2' in 'src/test2'
[0.830s] INFO:colcon.colcon_core.package_selection:Skipping not selected package 'test_custom_msg_srv' in 'src/test_custom_msg_srv'
[0.831s] INFO:colcon.colcon_core.package_selection:Skipping not selected package 'test_srv_cli' in 'src/test_srv_cli'
[0.832s] Level 1:colcon.colcon_core.package_discovery:discover_packages(prefix_path) check parameters
[0.832s] Level 1:colcon.colcon_core.package_discovery:discover_packages(prefix_path) discover
[0.838s] DEBUG:colcon.colcon_installed_package_information.package_discovery:Found 6 installed packages in /home/lydia-chheng/ros2_ws/install
[0.843s] DEBUG:colcon.colcon_installed_package_information.package_discovery:Found 294 installed packages in /opt/ros/humble
[0.850s] Level 1:colcon.colcon_core.package_discovery:discover_packages(prefix_path) using defaults
[0.961s] Level 5:colcon.colcon_core.verb:set package 'test_pub_sub' build argument 'cmake_args' from command line to 'None'
[0.961s] Level 5:colcon.colcon_core.verb:set package 'test_pub_sub' build argument 'cmake_target' from command line to 'None'
[0.961s] Level 5:colcon.colcon_core.verb:set package 'test_pub_sub' build argument 'cmake_target_skip_unavailable' from command line to 'False'
[0.962s] Level 5:colcon.colcon_core.verb:set package 'test_pub_sub' build argument 'cmake_clean_cache' from command line to 'False'
[0.962s] Level 5:colcon.colcon_core.verb:set package 'test_pub_sub' build argument 'cmake_clean_first' from command line to 'False'
[0.962s] Level 5:colcon.colcon_core.verb:set package 'test_pub_sub' build argument 'cmake_force_configure' from command line to 'False'
[0.962s] Level 5:colcon.colcon_core.verb:set package 'test_pub_sub' build argument 'ament_cmake_args' from command line to 'None'
[0.962s] Level 5:colcon.colcon_core.verb:set package 'test_pub_sub' build argument 'catkin_cmake_args' from command line to 'None'
[0.962s] Level 5:colcon.colcon_core.verb:set package 'test_pub_sub' build argument 'catkin_skip_building_tests' from command line to 'False'
[0.962s] DEBUG:colcon.colcon_core.verb:Building package 'test_pub_sub' with the following arguments: {'ament_cmake_args': None, 'build_base': '/home/lydia-chheng/ros2_ws/build/test_pub_sub', 'catkin_cmake_args': None, 'catkin_skip_building_tests': False, 'cmake_args': None, 'cmake_clean_cache': False, 'cmake_clean_first': False, 'cmake_force_configure': False, 'cmake_target': None, 'cmake_target_skip_unavailable': False, 'install_base': '/home/lydia-chheng/ros2_ws/install/test_pub_sub', 'merge_install': False, 'path': '/home/lydia-chheng/ros2_ws/src/test_pub_sub', 'symlink_install': False, 'test_result_base': None}
[0.962s] INFO:colcon.colcon_core.executor:Executing jobs using 'parallel' executor
[0.965s] DEBUG:colcon.colcon_parallel_executor.executor.parallel:run_until_complete
[0.965s] INFO:colcon.colcon_ros.task.ament_python.build:Building ROS package in '/home/lydia-chheng/ros2_ws/src/test_pub_sub' with build type 'ament_python'
[0.965s] Level 1:colcon.colcon_core.shell:create_environment_hook('test_pub_sub', 'ament_prefix_path')
[0.971s] INFO:colcon.colcon_core.plugin_system:Skipping extension 'colcon_core.shell.bat': Not used on non-Windows systems
[0.972s] INFO:colcon.colcon_core.shell:Creating environment hook '/home/lydia-chheng/ros2_ws/install/test_pub_sub/share/test_pub_sub/hook/ament_prefix_path.ps1'
[0.973s] INFO:colcon.colcon_core.shell:Creating environment descriptor '/home/lydia-chheng/ros2_ws/install/test_pub_sub/share/test_pub_sub/hook/ament_prefix_path.dsv'
[0.974s] INFO:colcon.colcon_core.shell:Creating environment hook '/home/lydia-chheng/ros2_ws/install/test_pub_sub/share/test_pub_sub/hook/ament_prefix_path.sh'
[0.977s] INFO:colcon.colcon_core.shell:Skip shell extension 'powershell' for command environment: Not usable outside of PowerShell
[0.977s] DEBUG:colcon.colcon_core.shell:Skip shell extension 'dsv' for command environment
[1.432s] INFO:colcon.colcon_core.task.python.build:Building Python package in '/home/lydia-chheng/ros2_ws/src/test_pub_sub'
[1.433s] INFO:colcon.colcon_core.shell:Skip shell extension 'powershell' for command environment: Not usable outside of PowerShell
[1.433s] DEBUG:colcon.colcon_core.shell:Skip shell extension 'dsv' for command environment
[2.591s] DEBUG:colcon.colcon_core.event_handler.log_command:Invoking command in '/home/lydia-chheng/ros2_ws/src/test_pub_sub': PYTHONPATH=/home/lydia-chheng/ros2_ws/build/test_pub_sub/prefix_override:/usr/lib/python3/dist-packages/colcon_core/task/python/colcon_distutils_commands:/home/lydia-chheng/ros2_ws/install/test_pub_sub/lib/python3.10/site-packages:${PYTHONPATH} /usr/bin/python3 -W ignore:setup.py install is deprecated -W ignore:easy_install command is deprecated setup.py egg_info --egg-base ../../build/test_pub_sub build --build-base /home/lydia-chheng/ros2_ws/build/test_pub_sub/build install --record /home/lydia-chheng/ros2_ws/build/test_pub_sub/install.log --single-version-externally-managed install_data
[3.728s] DEBUG:colcon.colcon_core.event_handler.log_command:Invoked command in '/home/lydia-chheng/ros2_ws/src/test_pub_sub' returned '0': PYTHONPATH=/home/lydia-chheng/ros2_ws/build/test_pub_sub/prefix_override:/usr/lib/python3/dist-packages/colcon_core/task/python/colcon_distutils_commands:/home/lydia-chheng/ros2_ws/install/test_pub_sub/lib/python3.10/site-packages:${PYTHONPATH} /usr/bin/python3 -W ignore:setup.py install is deprecated -W ignore:easy_install command is deprecated setup.py egg_info --egg-base ../../build/test_pub_sub build --build-base /home/lydia-chheng/ros2_ws/build/test_pub_sub/build install --record /home/lydia-chheng/ros2_ws/build/test_pub_sub/install.log --single-version-externally-managed install_data
[3.735s] Level 1:colcon.colcon_core.environment:checking '/home/lydia-chheng/ros2_ws/install/test_pub_sub' for CMake module files
[3.736s] Level 1:colcon.colcon_core.environment:checking '/home/lydia-chheng/ros2_ws/install/test_pub_sub' for CMake config files
[3.738s] Level 1:colcon.colcon_core.environment:checking '/home/lydia-chheng/ros2_ws/install/test_pub_sub/lib'
[3.738s] Level 1:colcon.colcon_core.environment:checking '/home/lydia-chheng/ros2_ws/install/test_pub_sub/bin'
[3.738s] Level 1:colcon.colcon_core.environment:checking '/home/lydia-chheng/ros2_ws/install/test_pub_sub/lib/pkgconfig/test_pub_sub.pc'
[3.739s] Level 1:colcon.colcon_core.environment:checking '/home/lydia-chheng/ros2_ws/install/test_pub_sub/lib/python3.10/site-packages'
[3.739s] Level 1:colcon.colcon_core.shell:create_environment_hook('test_pub_sub', 'pythonpath')
[3.740s] INFO:colcon.colcon_core.shell:Creating environment hook '/home/lydia-chheng/ros2_ws/install/test_pub_sub/share/test_pub_sub/hook/pythonpath.ps1'
[3.741s] INFO:colcon.colcon_core.shell:Creating environment descriptor '/home/lydia-chheng/ros2_ws/install/test_pub_sub/share/test_pub_sub/hook/pythonpath.dsv'
[3.742s] INFO:colcon.colcon_core.shell:Creating environment hook '/home/lydia-chheng/ros2_ws/install/test_pub_sub/share/test_pub_sub/hook/pythonpath.sh'
[3.743s] Level 1:colcon.colcon_core.environment:checking '/home/lydia-chheng/ros2_ws/install/test_pub_sub/bin'
[3.743s] Level 1:colcon.colcon_core.environment:create_environment_scripts_only(test_pub_sub)
[3.744s] INFO:colcon.colcon_core.shell:Creating package script '/home/lydia-chheng/ros2_ws/install/test_pub_sub/share/test_pub_sub/package.ps1'
[3.746s] INFO:colcon.colcon_core.shell:Creating package descriptor '/home/lydia-chheng/ros2_ws/install/test_pub_sub/share/test_pub_sub/package.dsv'
[3.747s] INFO:colcon.colcon_core.shell:Creating package script '/home/lydia-chheng/ros2_ws/install/test_pub_sub/share/test_pub_sub/package.sh'
[3.749s] INFO:colcon.colcon_core.shell:Creating package script '/home/lydia-chheng/ros2_ws/install/test_pub_sub/share/test_pub_sub/package.bash'
[3.751s] INFO:colcon.colcon_core.shell:Creating package script '/home/lydia-chheng/ros2_ws/install/test_pub_sub/share/test_pub_sub/package.zsh'
[3.753s] Level 1:colcon.colcon_core.environment:create_file_with_runtime_dependencies(/home/lydia-chheng/ros2_ws/install/test_pub_sub/share/colcon-core/packages/test_pub_sub)
[3.754s] DEBUG:colcon.colcon_parallel_executor.executor.parallel:closing loop
[3.755s] DEBUG:colcon.colcon_parallel_executor.executor.parallel:loop closed
[3.755s] DEBUG:colcon.colcon_parallel_executor.executor.parallel:run_until_complete finished with '0'
[3.756s] DEBUG:colcon.colcon_core.event_reactor:joining thread
[3.772s] INFO:colcon.colcon_core.plugin_system:Skipping extension 'colcon_notification.desktop_notification.terminal_notifier': Not used on non-Darwin systems
[3.772s] INFO:colcon.colcon_core.plugin_system:Skipping extension 'colcon_notification.desktop_notification.win32': Not used on non-Windows systems
[3.773s] INFO:colcon.colcon_notification.desktop_notification:Sending desktop notification using 'notify2'
[3.812s] DEBUG:colcon.colcon_core.event_reactor:joined thread
[3.813s] INFO:colcon.colcon_core.shell:Creating prefix script '/home/lydia-chheng/ros2_ws/install/local_setup.ps1'
[3.817s] INFO:colcon.colcon_core.shell:Creating prefix util module '/home/lydia-chheng/ros2_ws/install/_local_setup_util_ps1.py'
[3.821s] INFO:colcon.colcon_core.shell:Creating prefix chain script '/home/lydia-chheng/ros2_ws/install/setup.ps1'
[3.824s] INFO:colcon.colcon_core.shell:Creating prefix script '/home/lydia-chheng/ros2_ws/install/local_setup.sh'
[3.827s] INFO:colcon.colcon_core.shell:Creating prefix util module '/home/lydia-chheng/ros2_ws/install/_local_setup_util_sh.py'
[3.829s] INFO:colcon.colcon_core.shell:Creating prefix chain script '/home/lydia-chheng/ros2_ws/install/setup.sh'
[3.832s] INFO:colcon.colcon_core.shell:Creating prefix script '/home/lydia-chheng/ros2_ws/install/local_setup.bash'
[3.833s] INFO:colcon.colcon_core.shell:Creating prefix chain script '/home/lydia-chheng/ros2_ws/install/setup.bash'
[3.835s] INFO:colcon.colcon_core.shell:Creating prefix script '/home/lydia-chheng/ros2_ws/install/local_setup.zsh'
[3.837s] INFO:colcon.colcon_core.shell:Creating prefix chain script '/home/lydia-chheng/ros2_ws/install/setup.zsh'
