[0.222s] DEBUG:colcon:Command line arguments: ['/usr/bin/colcon', 'build', '--packages-select', 'test_custom_msg_srv']
[0.222s] DEBUG:colcon:Parsed command line arguments: Namespace(log_base=None, log_level=None, verb_name='build', build_base='build', install_base='install', merge_install=False, symlink_install=False, test_result_base=None, continue_on_error=False, executor='parallel', parallel_workers=4, event_handlers=None, ignore_user_meta=False, metas=['./colcon.meta'], base_paths=['.'], packages_ignore=None, packages_ignore_regex=None, paths=None, packages_up_to=None, packages_up_to_regex=None, packages_above=None, packages_above_and_dependencies=None, packages_above_depth=None, packages_select_by_dep=None, packages_skip_by_dep=None, packages_skip_up_to=None, packages_select_build_failed=False, packages_skip_build_finished=False, packages_select_test_failures=False, packages_skip_test_passed=False, packages_select=['test_custom_msg_srv'], packages_skip=None, packages_select_regex=None, packages_skip_regex=None, packages_start=None, packages_end=None, allow_overriding=[], cmake_args=None, cmake_target=None, cmake_target_skip_unavailable=False, cmake_clean_cache=False, cmake_clean_first=False, cmake_force_configure=False, ament_cmake_args=None, catkin_cmake_args=None, catkin_skip_building_tests=False, mixin_files=None, mixin=None, verb_parser=<colcon_mixin.mixin.mixin_argument.MixinArgumentDecorator object at 0x749f24f23dc0>, verb_extension=<colcon_core.verb.build.BuildVerb object at 0x749f24f23880>, main=<bound method BuildVerb.main of <colcon_core.verb.build.BuildVerb object at 0x749f24f23880>>, mixin_verb=('build',))
[0.306s] Level 1:colcon.colcon_core.package_discovery:discover_packages(colcon_meta) check parameters
[0.306s] Level 1:colcon.colcon_core.package_discovery:discover_packages(recursive) check parameters
[0.306s] Level 1:colcon.colcon_core.package_discovery:discover_packages(ignore) check parameters
[0.306s] Level 1:colcon.colcon_core.package_discovery:discover_packages(path) check parameters
[0.306s] Level 1:colcon.colcon_core.package_discovery:discover_packages(colcon_meta) discover
[0.306s] Level 1:colcon.colcon_core.package_discovery:discover_packages(recursive) discover
[0.306s] INFO:colcon.colcon_core.package_discovery:Crawling recursively for packages in '/home/lydia-chheng/ros2_ws'
[0.307s] Level 1:colcon.colcon_core.package_identification:_identify(.) by extensions ['ignore', 'ignore_ament_install']
[0.307s] Level 1:colcon.colcon_core.package_identification:_identify(.) by extension 'ignore'
[0.307s] Level 1:colcon.colcon_core.package_identification:_identify(.) by extension 'ignore_ament_install'
[0.307s] Level 1:colcon.colcon_core.package_identification:_identify(.) by extensions ['colcon_pkg']
[0.307s] Level 1:colcon.colcon_core.package_identification:_identify(.) by extension 'colcon_pkg'
[0.307s] Level 1:colcon.colcon_core.package_identification:_identify(.) by extensions ['colcon_meta']
[0.308s] Level 1:colcon.colcon_core.package_identification:_identify(.) by extension 'colcon_meta'
[0.308s] Level 1:colcon.colcon_core.package_identification:_identify(.) by extensions ['ros']
[0.308s] Level 1:colcon.colcon_core.package_identification:_identify(.) by extension 'ros'
[0.337s] Level 1:colcon.colcon_core.package_identification:_identify(.) by extensions ['cmake', 'python']
[0.337s] Level 1:colcon.colcon_core.package_identification:_identify(.) by extension 'cmake'
[0.338s] Level 1:colcon.colcon_core.package_identification:_identify(.) by extension 'python'
[0.338s] Level 1:colcon.colcon_core.package_identification:_identify(.) by extensions ['python_setup_py']
[0.338s] Level 1:colcon.colcon_core.package_identification:_identify(.) by extension 'python_setup_py'
[0.338s] Level 1:colcon.colcon_core.package_identification:_identify(build) by extensions ['ignore', 'ignore_ament_install']
[0.338s] Level 1:colcon.colcon_core.package_identification:_identify(build) by extension 'ignore'
[0.338s] Level 1:colcon.colcon_core.package_identification:_identify(build) ignored
[0.339s] Level 1:colcon.colcon_core.package_identification:_identify(install) by extensions ['ignore', 'ignore_ament_install']
[0.339s] Level 1:colcon.colcon_core.package_identification:_identify(install) by extension 'ignore'
[0.339s] Level 1:colcon.colcon_core.package_identification:_identify(install) ignored
[0.339s] Level 1:colcon.colcon_core.package_identification:_identify(log) by extensions ['ignore', 'ignore_ament_install']
[0.340s] Level 1:colcon.colcon_core.package_identification:_identify(log) by extension 'ignore'
[0.340s] Level 1:colcon.colcon_core.package_identification:_identify(log) ignored
[0.340s] Level 1:colcon.colcon_core.package_identification:_identify(src) by extensions ['ignore', 'ignore_ament_install']
[0.340s] Level 1:colcon.colcon_core.package_identification:_identify(src) by extension 'ignore'
[0.340s] Level 1:colcon.colcon_core.package_identification:_identify(src) by extension 'ignore_ament_install'
[0.340s] Level 1:colcon.colcon_core.package_identification:_identify(src) by extensions ['colcon_pkg']
[0.341s] Level 1:colcon.colcon_core.package_identification:_identify(src) by extension 'colcon_pkg'
[0.341s] Level 1:colcon.colcon_core.package_identification:_identify(src) by extensions ['colcon_meta']
[0.341s] Level 1:colcon.colcon_core.package_identification:_identify(src) by extension 'colcon_meta'
[0.341s] Level 1:colcon.colcon_core.package_identification:_identify(src) by extensions ['ros']
[0.341s] Level 1:colcon.colcon_core.package_identification:_identify(src) by extension 'ros'
[0.341s] Level 1:colcon.colcon_core.package_identification:_identify(src) by extensions ['cmake', 'python']
[0.341s] Level 1:colcon.colcon_core.package_identification:_identify(src) by extension 'cmake'
[0.341s] Level 1:colcon.colcon_core.package_identification:_identify(src) by extension 'python'
[0.341s] Level 1:colcon.colcon_core.package_identification:_identify(src) by extensions ['python_setup_py']
[0.342s] Level 1:colcon.colcon_core.package_identification:_identify(src) by extension 'python_setup_py'
[0.342s] Level 1:colcon.colcon_core.package_identification:_identify(src/build) by extensions ['ignore', 'ignore_ament_install']
[0.342s] Level 1:colcon.colcon_core.package_identification:_identify(src/build) by extension 'ignore'
[0.342s] Level 1:colcon.colcon_core.package_identification:_identify(src/build) ignored
[0.342s] Level 1:colcon.colcon_core.package_identification:_identify(src/install) by extensions ['ignore', 'ignore_ament_install']
[0.342s] Level 1:colcon.colcon_core.package_identification:_identify(src/install) by extension 'ignore'
[0.343s] Level 1:colcon.colcon_core.package_identification:_identify(src/install) ignored
[0.343s] Level 1:colcon.colcon_core.package_identification:_identify(src/log) by extensions ['ignore', 'ignore_ament_install']
[0.343s] Level 1:colcon.colcon_core.package_identification:_identify(src/log) by extension 'ignore'
[0.343s] Level 1:colcon.colcon_core.package_identification:_identify(src/log) ignored
[0.343s] Level 1:colcon.colcon_core.package_identification:_identify(src/test1) by extensions ['ignore', 'ignore_ament_install']
[0.344s] Level 1:colcon.colcon_core.package_identification:_identify(src/test1) by extension 'ignore'
[0.344s] Level 1:colcon.colcon_core.package_identification:_identify(src/test1) by extension 'ignore_ament_install'
[0.344s] Level 1:colcon.colcon_core.package_identification:_identify(src/test1) by extensions ['colcon_pkg']
[0.344s] Level 1:colcon.colcon_core.package_identification:_identify(src/test1) by extension 'colcon_pkg'
[0.344s] Level 1:colcon.colcon_core.package_identification:_identify(src/test1) by extensions ['colcon_meta']
[0.344s] Level 1:colcon.colcon_core.package_identification:_identify(src/test1) by extension 'colcon_meta'
[0.344s] Level 1:colcon.colcon_core.package_identification:_identify(src/test1) by extensions ['ros']
[0.344s] Level 1:colcon.colcon_core.package_identification:_identify(src/test1) by extension 'ros'
[0.346s] DEBUG:colcon.colcon_core.package_identification:Failed to parse potential ROS package manifest in'src/test1': Error(s) in package 'src/test1/package.xml':
The manifest contains invalid XML:
not well-formed (invalid token): line 1, column 0
[0.346s] Level 1:colcon.colcon_core.package_identification:_identify(src/test1) by extensions ['cmake', 'python']
[0.346s] Level 1:colcon.colcon_core.package_identification:_identify(src/test1) by extension 'cmake'
[0.346s] Level 1:colcon.colcon_core.package_identification:_identify(src/test1) by extension 'python'
[0.347s] DEBUG:colcon.colcon_core.package_identification:Python package in 'src/test1' passes arguments to the setup() function which requires a different identification extension than 'python'
[0.347s] Level 1:colcon.colcon_core.package_identification:_identify(src/test1) by extensions ['python_setup_py']
[0.347s] Level 1:colcon.colcon_core.package_identification:_identify(src/test1) by extension 'python_setup_py'
[0.762s] DEBUG:colcon.colcon_core.package_identification:Package 'src/test1' with type 'python' and name 'test1'
[0.763s] Level 1:colcon.colcon_core.package_identification:_identify(src/test2) by extensions ['ignore', 'ignore_ament_install']
[0.763s] Level 1:colcon.colcon_core.package_identification:_identify(src/test2) by extension 'ignore'
[0.763s] Level 1:colcon.colcon_core.package_identification:_identify(src/test2) by extension 'ignore_ament_install'
[0.763s] Level 1:colcon.colcon_core.package_identification:_identify(src/test2) by extensions ['colcon_pkg']
[0.763s] Level 1:colcon.colcon_core.package_identification:_identify(src/test2) by extension 'colcon_pkg'
[0.763s] Level 1:colcon.colcon_core.package_identification:_identify(src/test2) by extensions ['colcon_meta']
[0.764s] Level 1:colcon.colcon_core.package_identification:_identify(src/test2) by extension 'colcon_meta'
[0.764s] Level 1:colcon.colcon_core.package_identification:_identify(src/test2) by extensions ['ros']
[0.764s] Level 1:colcon.colcon_core.package_identification:_identify(src/test2) by extension 'ros'
[0.768s] DEBUG:colcon.colcon_core.package_identification:Package 'src/test2' with type 'ros.ament_python' and name 'test2'
[0.768s] Level 1:colcon.colcon_core.package_identification:_identify(src/test_custom_msg_srv) by extensions ['ignore', 'ignore_ament_install']
[0.768s] Level 1:colcon.colcon_core.package_identification:_identify(src/test_custom_msg_srv) by extension 'ignore'
[0.768s] Level 1:colcon.colcon_core.package_identification:_identify(src/test_custom_msg_srv) by extension 'ignore_ament_install'
[0.769s] Level 1:colcon.colcon_core.package_identification:_identify(src/test_custom_msg_srv) by extensions ['colcon_pkg']
[0.769s] Level 1:colcon.colcon_core.package_identification:_identify(src/test_custom_msg_srv) by extension 'colcon_pkg'
[0.769s] Level 1:colcon.colcon_core.package_identification:_identify(src/test_custom_msg_srv) by extensions ['colcon_meta']
[0.769s] Level 1:colcon.colcon_core.package_identification:_identify(src/test_custom_msg_srv) by extension 'colcon_meta'
[0.769s] Level 1:colcon.colcon_core.package_identification:_identify(src/test_custom_msg_srv) by extensions ['ros']
[0.769s] Level 1:colcon.colcon_core.package_identification:_identify(src/test_custom_msg_srv) by extension 'ros'
[0.770s] DEBUG:colcon.colcon_core.package_identification:Package 'src/test_custom_msg_srv' with type 'ros.ament_cmake' and name 'test_custom_msg_srv'
[0.770s] Level 1:colcon.colcon_core.package_identification:_identify(src/test_pub_sub) by extensions ['ignore', 'ignore_ament_install']
[0.770s] Level 1:colcon.colcon_core.package_identification:_identify(src/test_pub_sub) by extension 'ignore'
[0.770s] Level 1:colcon.colcon_core.package_identification:_identify(src/test_pub_sub) by extension 'ignore_ament_install'
[0.771s] Level 1:colcon.colcon_core.package_identification:_identify(src/test_pub_sub) by extensions ['colcon_pkg']
[0.771s] Level 1:colcon.colcon_core.package_identification:_identify(src/test_pub_sub) by extension 'colcon_pkg'
[0.771s] Level 1:colcon.colcon_core.package_identification:_identify(src/test_pub_sub) by extensions ['colcon_meta']
[0.771s] Level 1:colcon.colcon_core.package_identification:_identify(src/test_pub_sub) by extension 'colcon_meta'
[0.771s] Level 1:colcon.colcon_core.package_identification:_identify(src/test_pub_sub) by extensions ['ros']
[0.771s] Level 1:colcon.colcon_core.package_identification:_identify(src/test_pub_sub) by extension 'ros'
[0.772s] DEBUG:colcon.colcon_core.package_identification:Package 'src/test_pub_sub' with type 'ros.ament_python' and name 'test_pub_sub'
[0.773s] Level 1:colcon.colcon_core.package_identification:_identify(src/test_srv_cli) by extensions ['ignore', 'ignore_ament_install']
[0.773s] Level 1:colcon.colcon_core.package_identification:_identify(src/test_srv_cli) by extension 'ignore'
[0.773s] Level 1:colcon.colcon_core.package_identification:_identify(src/test_srv_cli) by extension 'ignore_ament_install'
[0.773s] Level 1:colcon.colcon_core.package_identification:_identify(src/test_srv_cli) by extensions ['colcon_pkg']
[0.773s] Level 1:colcon.colcon_core.package_identification:_identify(src/test_srv_cli) by extension 'colcon_pkg'
[0.773s] Level 1:colcon.colcon_core.package_identification:_identify(src/test_srv_cli) by extensions ['colcon_meta']
[0.773s] Level 1:colcon.colcon_core.package_identification:_identify(src/test_srv_cli) by extension 'colcon_meta'
[0.773s] Level 1:colcon.colcon_core.package_identification:_identify(src/test_srv_cli) by extensions ['ros']
[0.773s] Level 1:colcon.colcon_core.package_identification:_identify(src/test_srv_cli) by extension 'ros'
[0.774s] DEBUG:colcon.colcon_core.package_identification:Package 'src/test_srv_cli' with type 'ros.ament_python' and name 'test_srv_cli'
[0.774s] Level 1:colcon.colcon_core.package_discovery:discover_packages(recursive) using defaults
[0.775s] Level 1:colcon.colcon_core.package_discovery:discover_packages(ignore) discover
[0.775s] Level 1:colcon.colcon_core.package_discovery:discover_packages(ignore) using defaults
[0.775s] Level 1:colcon.colcon_core.package_discovery:discover_packages(path) discover
[0.775s] Level 1:colcon.colcon_core.package_discovery:discover_packages(path) using defaults
[0.815s] INFO:colcon.colcon_core.package_selection:Skipping not selected package 'test1' in 'src/test1'
[0.816s] INFO:colcon.colcon_core.package_selection:Skipping not selected package 'test2' in 'src/test2'
[0.816s] INFO:colcon.colcon_core.package_selection:Skipping not selected package 'test_srv_cli' in 'src/test_srv_cli'
[0.816s] INFO:colcon.colcon_core.package_selection:Skipping not selected package 'test_pub_sub' in 'src/test_pub_sub'
[0.817s] Level 1:colcon.colcon_core.package_discovery:discover_packages(prefix_path) check parameters
[0.817s] Level 1:colcon.colcon_core.package_discovery:discover_packages(prefix_path) discover
[0.823s] DEBUG:colcon.colcon_installed_package_information.package_discovery:Found 6 installed packages in /home/lydia-chheng/ros2_ws/install
[0.828s] DEBUG:colcon.colcon_installed_package_information.package_discovery:Found 294 installed packages in /opt/ros/humble
[0.834s] Level 1:colcon.colcon_core.package_discovery:discover_packages(prefix_path) using defaults
[0.946s] Level 5:colcon.colcon_core.verb:set package 'test_custom_msg_srv' build argument 'cmake_args' from command line to 'None'
[0.946s] Level 5:colcon.colcon_core.verb:set package 'test_custom_msg_srv' build argument 'cmake_target' from command line to 'None'
[0.946s] Level 5:colcon.colcon_core.verb:set package 'test_custom_msg_srv' build argument 'cmake_target_skip_unavailable' from command line to 'False'
[0.946s] Level 5:colcon.colcon_core.verb:set package 'test_custom_msg_srv' build argument 'cmake_clean_cache' from command line to 'False'
[0.946s] Level 5:colcon.colcon_core.verb:set package 'test_custom_msg_srv' build argument 'cmake_clean_first' from command line to 'False'
[0.946s] Level 5:colcon.colcon_core.verb:set package 'test_custom_msg_srv' build argument 'cmake_force_configure' from command line to 'False'
[0.946s] Level 5:colcon.colcon_core.verb:set package 'test_custom_msg_srv' build argument 'ament_cmake_args' from command line to 'None'
[0.946s] Level 5:colcon.colcon_core.verb:set package 'test_custom_msg_srv' build argument 'catkin_cmake_args' from command line to 'None'
[0.946s] Level 5:colcon.colcon_core.verb:set package 'test_custom_msg_srv' build argument 'catkin_skip_building_tests' from command line to 'False'
[0.947s] DEBUG:colcon.colcon_core.verb:Building package 'test_custom_msg_srv' with the following arguments: {'ament_cmake_args': None, 'build_base': '/home/lydia-chheng/ros2_ws/build/test_custom_msg_srv', 'catkin_cmake_args': None, 'catkin_skip_building_tests': False, 'cmake_args': None, 'cmake_clean_cache': False, 'cmake_clean_first': False, 'cmake_force_configure': False, 'cmake_target': None, 'cmake_target_skip_unavailable': False, 'install_base': '/home/lydia-chheng/ros2_ws/install/test_custom_msg_srv', 'merge_install': False, 'path': '/home/lydia-chheng/ros2_ws/src/test_custom_msg_srv', 'symlink_install': False, 'test_result_base': None}
[0.947s] INFO:colcon.colcon_core.executor:Executing jobs using 'parallel' executor
[0.952s] DEBUG:colcon.colcon_parallel_executor.executor.parallel:run_until_complete
[0.952s] INFO:colcon.colcon_ros.task.ament_cmake.build:Building ROS package in '/home/lydia-chheng/ros2_ws/src/test_custom_msg_srv' with build type 'ament_cmake'
[0.953s] INFO:colcon.colcon_cmake.task.cmake.build:Building CMake package in '/home/lydia-chheng/ros2_ws/src/test_custom_msg_srv'
[0.957s] INFO:colcon.colcon_core.plugin_system:Skipping extension 'colcon_core.shell.bat': Not used on non-Windows systems
[0.957s] INFO:colcon.colcon_core.shell:Skip shell extension 'powershell' for command environment: Not usable outside of PowerShell
[0.958s] DEBUG:colcon.colcon_core.shell:Skip shell extension 'dsv' for command environment
[0.979s] DEBUG:colcon.colcon_core.event_handler.log_command:Invoking command in '/home/lydia-chheng/ros2_ws/build/test_custom_msg_srv': CMAKE_PREFIX_PATH=${CMAKE_PREFIX_PATH}:/home/lydia-chheng/ros2_ws/install/test_srv_cli:/home/lydia-chheng/ros2_ws/install/test_pub_sub:/home/lydia-chheng/ros2_ws/install/test2:/home/lydia-chheng/ros2_ws/install/can_test:/opt/ros/humble /usr/bin/cmake --build /home/lydia-chheng/ros2_ws/build/test_custom_msg_srv -- -j4 -l4
[5.210s] DEBUG:colcon.colcon_core.event_handler.log_command:Invoked command in '/home/lydia-chheng/ros2_ws/build/test_custom_msg_srv' returned '0': CMAKE_PREFIX_PATH=${CMAKE_PREFIX_PATH}:/home/lydia-chheng/ros2_ws/install/test_srv_cli:/home/lydia-chheng/ros2_ws/install/test_pub_sub:/home/lydia-chheng/ros2_ws/install/test2:/home/lydia-chheng/ros2_ws/install/can_test:/opt/ros/humble /usr/bin/cmake --build /home/lydia-chheng/ros2_ws/build/test_custom_msg_srv -- -j4 -l4
[5.229s] DEBUG:colcon.colcon_core.event_handler.log_command:Invoking command in '/home/lydia-chheng/ros2_ws/build/test_custom_msg_srv': CMAKE_PREFIX_PATH=${CMAKE_PREFIX_PATH}:/home/lydia-chheng/ros2_ws/install/test_srv_cli:/home/lydia-chheng/ros2_ws/install/test_pub_sub:/home/lydia-chheng/ros2_ws/install/test2:/home/lydia-chheng/ros2_ws/install/can_test:/opt/ros/humble /usr/bin/cmake --install /home/lydia-chheng/ros2_ws/build/test_custom_msg_srv
[5.335s] DEBUG:colcon.colcon_core.event_handler.log_command:Invoked command in '/home/lydia-chheng/ros2_ws/build/test_custom_msg_srv' returned '1': CMAKE_PREFIX_PATH=${CMAKE_PREFIX_PATH}:/home/lydia-chheng/ros2_ws/install/test_srv_cli:/home/lydia-chheng/ros2_ws/install/test_pub_sub:/home/lydia-chheng/ros2_ws/install/test2:/home/lydia-chheng/ros2_ws/install/can_test:/opt/ros/humble /usr/bin/cmake --install /home/lydia-chheng/ros2_ws/build/test_custom_msg_srv
[5.336s] Level 1:colcon.colcon_core.environment:create_environment_scripts_only(test_custom_msg_srv)
[5.340s] Level 1:colcon.colcon_core.environment:checking '/home/lydia-chheng/ros2_ws/install/test_custom_msg_srv' for CMake module files
[5.342s] Level 1:colcon.colcon_core.environment:checking '/home/lydia-chheng/ros2_ws/install/test_custom_msg_srv' for CMake config files
[5.342s] Level 1:colcon.colcon_core.shell:create_environment_hook('test_custom_msg_srv', 'cmake_prefix_path')
[5.343s] INFO:colcon.colcon_core.shell:Creating environment hook '/home/lydia-chheng/ros2_ws/install/test_custom_msg_srv/share/test_custom_msg_srv/hook/cmake_prefix_path.ps1'
[5.345s] INFO:colcon.colcon_core.shell:Creating environment descriptor '/home/lydia-chheng/ros2_ws/install/test_custom_msg_srv/share/test_custom_msg_srv/hook/cmake_prefix_path.dsv'
[5.347s] INFO:colcon.colcon_core.shell:Creating environment hook '/home/lydia-chheng/ros2_ws/install/test_custom_msg_srv/share/test_custom_msg_srv/hook/cmake_prefix_path.sh'
[5.350s] Level 1:colcon.colcon_core.environment:checking '/home/lydia-chheng/ros2_ws/install/test_custom_msg_srv/lib'
[5.351s] Level 1:colcon.colcon_core.shell:create_environment_hook('test_custom_msg_srv', 'ld_library_path_lib')
[5.352s] INFO:colcon.colcon_core.shell:Creating environment hook '/home/lydia-chheng/ros2_ws/install/test_custom_msg_srv/share/test_custom_msg_srv/hook/ld_library_path_lib.ps1'
[5.354s] INFO:colcon.colcon_core.shell:Creating environment descriptor '/home/lydia-chheng/ros2_ws/install/test_custom_msg_srv/share/test_custom_msg_srv/hook/ld_library_path_lib.dsv'
[5.355s] INFO:colcon.colcon_core.shell:Creating environment hook '/home/lydia-chheng/ros2_ws/install/test_custom_msg_srv/share/test_custom_msg_srv/hook/ld_library_path_lib.sh'
[5.356s] Level 1:colcon.colcon_core.environment:checking '/home/lydia-chheng/ros2_ws/install/test_custom_msg_srv/bin'
[5.356s] Level 1:colcon.colcon_core.environment:checking '/home/lydia-chheng/ros2_ws/install/test_custom_msg_srv/lib/pkgconfig/test_custom_msg_srv.pc'
[5.357s] Level 1:colcon.colcon_core.environment:checking '/home/lydia-chheng/ros2_ws/install/test_custom_msg_srv/lib/python3.10/site-packages'
[5.357s] Level 1:colcon.colcon_core.environment:checking '/home/lydia-chheng/ros2_ws/install/test_custom_msg_srv/bin'
[5.359s] INFO:colcon.colcon_core.shell:Creating package script '/home/lydia-chheng/ros2_ws/install/test_custom_msg_srv/share/test_custom_msg_srv/package.ps1'
[5.360s] INFO:colcon.colcon_core.shell:Creating package descriptor '/home/lydia-chheng/ros2_ws/install/test_custom_msg_srv/share/test_custom_msg_srv/package.dsv'
[5.361s] INFO:colcon.colcon_core.shell:Creating package script '/home/lydia-chheng/ros2_ws/install/test_custom_msg_srv/share/test_custom_msg_srv/package.sh'
[5.363s] INFO:colcon.colcon_core.shell:Creating package script '/home/lydia-chheng/ros2_ws/install/test_custom_msg_srv/share/test_custom_msg_srv/package.bash'
[5.364s] INFO:colcon.colcon_core.shell:Creating package script '/home/lydia-chheng/ros2_ws/install/test_custom_msg_srv/share/test_custom_msg_srv/package.zsh'
[5.365s] Level 1:colcon.colcon_core.environment:create_file_with_runtime_dependencies(/home/lydia-chheng/ros2_ws/install/test_custom_msg_srv/share/colcon-core/packages/test_custom_msg_srv)
[5.376s] DEBUG:colcon.colcon_parallel_executor.executor.parallel:closing loop
[5.376s] DEBUG:colcon.colcon_parallel_executor.executor.parallel:loop closed
[5.376s] DEBUG:colcon.colcon_parallel_executor.executor.parallel:run_until_complete finished with '1'
[5.377s] DEBUG:colcon.colcon_core.event_reactor:joining thread
[5.397s] INFO:colcon.colcon_core.plugin_system:Skipping extension 'colcon_notification.desktop_notification.terminal_notifier': Not used on non-Darwin systems
[5.397s] INFO:colcon.colcon_core.plugin_system:Skipping extension 'colcon_notification.desktop_notification.win32': Not used on non-Windows systems
[5.397s] INFO:colcon.colcon_notification.desktop_notification:Sending desktop notification using 'notify2'
[5.435s] DEBUG:colcon.colcon_core.event_reactor:joined thread
[5.436s] INFO:colcon.colcon_core.shell:Creating prefix script '/home/lydia-chheng/ros2_ws/install/local_setup.ps1'
[5.438s] INFO:colcon.colcon_core.shell:Creating prefix util module '/home/lydia-chheng/ros2_ws/install/_local_setup_util_ps1.py'
[5.442s] INFO:colcon.colcon_core.shell:Creating prefix chain script '/home/lydia-chheng/ros2_ws/install/setup.ps1'
[5.447s] INFO:colcon.colcon_core.shell:Creating prefix script '/home/lydia-chheng/ros2_ws/install/local_setup.sh'
[5.450s] INFO:colcon.colcon_core.shell:Creating prefix util module '/home/lydia-chheng/ros2_ws/install/_local_setup_util_sh.py'
[5.452s] INFO:colcon.colcon_core.shell:Creating prefix chain script '/home/lydia-chheng/ros2_ws/install/setup.sh'
[5.455s] INFO:colcon.colcon_core.shell:Creating prefix script '/home/lydia-chheng/ros2_ws/install/local_setup.bash'
[5.456s] INFO:colcon.colcon_core.shell:Creating prefix chain script '/home/lydia-chheng/ros2_ws/install/setup.bash'
[5.458s] INFO:colcon.colcon_core.shell:Creating prefix script '/home/lydia-chheng/ros2_ws/install/local_setup.zsh'
[5.459s] INFO:colcon.colcon_core.shell:Creating prefix chain script '/home/lydia-chheng/ros2_ws/install/setup.zsh'
