[0.953s] DEBUG:colcon:Command line arguments: ['/usr/bin/colcon', 'list', '-p', '--base-paths', '/home/lydia-chheng/ros2_ws']
[0.953s] DEBUG:colcon:Parsed command line arguments: Namespace(log_base=None, log_level=None, verb_name='list', build_base='build', ignore_user_meta=False, metas=['./colcon.meta'], base_paths=['/home/lydia-chheng/ros2_ws'], packages_ignore=None, packages_ignore_regex=None, paths=None, packages_up_to=None, packages_up_to_regex=None, packages_above=None, packages_above_and_dependencies=None, packages_above_depth=None, packages_select_by_dep=None, packages_skip_by_dep=None, packages_skip_up_to=None, packages_select_build_failed=False, packages_skip_build_finished=False, packages_select_test_failures=False, packages_skip_test_passed=False, packages_select=None, packages_skip=None, packages_select_regex=None, packages_skip_regex=None, packages_start=None, packages_end=None, allow_overriding=[], topological_order=False, names_only=False, paths_only=True, topological_graph=False, topological_graph_dot=False, topological_graph_density=False, topological_graph_legend=False, topological_graph_dot_cluster=False, topological_graph_dot_include_skipped=False, mixin_files=None, mixin=None, verb_parser=<colcon_mixin.mixin.mixin_argument.MixinArgumentDecorator object at 0x7af94f76c820>, verb_extension=<colcon_package_information.verb.list.ListVerb object at 0x7af94f72f9d0>, main=<bound method ListVerb.main of <colcon_package_information.verb.list.ListVerb object at 0x7af94f72f9d0>>, mixin_verb=('list',))
[1.311s] Level 1:colcon.colcon_core.package_discovery:discover_packages(colcon_meta) check parameters
[1.312s] Level 1:colcon.colcon_core.package_discovery:discover_packages(recursive) check parameters
[1.312s] Level 1:colcon.colcon_core.package_discovery:discover_packages(ignore) check parameters
[1.314s] Level 1:colcon.colcon_core.package_discovery:discover_packages(path) check parameters
[1.314s] Level 1:colcon.colcon_core.package_discovery:discover_packages(recursive) discover
[1.314s] INFO:colcon.colcon_core.package_discovery:Crawling recursively for packages in '/home/lydia-chheng/ros2_ws'
[1.315s] Level 1:colcon.colcon_core.package_identification:_identify(/home/lydia-chheng/ros2_ws) by extensions ['ignore', 'ignore_ament_install']
[1.317s] Level 1:colcon.colcon_core.package_identification:_identify(/home/lydia-chheng/ros2_ws) by extension 'ignore'
[1.318s] Level 1:colcon.colcon_core.package_identification:_identify(/home/lydia-chheng/ros2_ws) by extension 'ignore_ament_install'
[1.318s] Level 1:colcon.colcon_core.package_identification:_identify(/home/lydia-chheng/ros2_ws) by extensions ['colcon_pkg']
[1.318s] Level 1:colcon.colcon_core.package_identification:_identify(/home/lydia-chheng/ros2_ws) by extension 'colcon_pkg'
[1.318s] Level 1:colcon.colcon_core.package_identification:_identify(/home/lydia-chheng/ros2_ws) by extensions ['colcon_meta']
[1.318s] Level 1:colcon.colcon_core.package_identification:_identify(/home/lydia-chheng/ros2_ws) by extension 'colcon_meta'
[1.318s] Level 1:colcon.colcon_core.package_identification:_identify(/home/lydia-chheng/ros2_ws) by extensions ['ros']
[1.319s] Level 1:colcon.colcon_core.package_identification:_identify(/home/lydia-chheng/ros2_ws) by extension 'ros'
[1.458s] Level 1:colcon.colcon_core.package_identification:_identify(/home/lydia-chheng/ros2_ws) by extensions ['cmake', 'python']
[1.458s] Level 1:colcon.colcon_core.package_identification:_identify(/home/lydia-chheng/ros2_ws) by extension 'cmake'
[1.459s] Level 1:colcon.colcon_core.package_identification:_identify(/home/lydia-chheng/ros2_ws) by extension 'python'
[1.459s] Level 1:colcon.colcon_core.package_identification:_identify(/home/lydia-chheng/ros2_ws) by extensions ['python_setup_py']
[1.459s] Level 1:colcon.colcon_core.package_identification:_identify(/home/lydia-chheng/ros2_ws) by extension 'python_setup_py'
[1.463s] Level 1:colcon.colcon_core.package_identification:_identify(/home/lydia-chheng/ros2_ws/build) by extensions ['ignore', 'ignore_ament_install']
[1.463s] Level 1:colcon.colcon_core.package_identification:_identify(/home/lydia-chheng/ros2_ws/build) by extension 'ignore'
[1.464s] Level 1:colcon.colcon_core.package_identification:_identify(/home/lydia-chheng/ros2_ws/build) ignored
[1.464s] Level 1:colcon.colcon_core.package_identification:_identify(/home/lydia-chheng/ros2_ws/install) by extensions ['ignore', 'ignore_ament_install']
[1.464s] Level 1:colcon.colcon_core.package_identification:_identify(/home/lydia-chheng/ros2_ws/install) by extension 'ignore'
[1.465s] Level 1:colcon.colcon_core.package_identification:_identify(/home/lydia-chheng/ros2_ws/install) ignored
[1.466s] Level 1:colcon.colcon_core.package_identification:_identify(/home/lydia-chheng/ros2_ws/log) by extensions ['ignore', 'ignore_ament_install']
[1.467s] Level 1:colcon.colcon_core.package_identification:_identify(/home/lydia-chheng/ros2_ws/log) by extension 'ignore'
[1.468s] Level 1:colcon.colcon_core.package_identification:_identify(/home/lydia-chheng/ros2_ws/log) ignored
[1.468s] Level 1:colcon.colcon_core.package_identification:_identify(/home/lydia-chheng/ros2_ws/src) by extensions ['ignore', 'ignore_ament_install']
[1.470s] Level 1:colcon.colcon_core.package_identification:_identify(/home/lydia-chheng/ros2_ws/src) by extension 'ignore'
[1.471s] Level 1:colcon.colcon_core.package_identification:_identify(/home/lydia-chheng/ros2_ws/src) by extension 'ignore_ament_install'
[1.471s] Level 1:colcon.colcon_core.package_identification:_identify(/home/lydia-chheng/ros2_ws/src) by extensions ['colcon_pkg']
[1.471s] Level 1:colcon.colcon_core.package_identification:_identify(/home/lydia-chheng/ros2_ws/src) by extension 'colcon_pkg'
[1.471s] Level 1:colcon.colcon_core.package_identification:_identify(/home/lydia-chheng/ros2_ws/src) by extensions ['colcon_meta']
[1.473s] Level 1:colcon.colcon_core.package_identification:_identify(/home/lydia-chheng/ros2_ws/src) by extension 'colcon_meta'
[1.474s] Level 1:colcon.colcon_core.package_identification:_identify(/home/lydia-chheng/ros2_ws/src) by extensions ['ros']
[1.474s] Level 1:colcon.colcon_core.package_identification:_identify(/home/lydia-chheng/ros2_ws/src) by extension 'ros'
[1.474s] Level 1:colcon.colcon_core.package_identification:_identify(/home/lydia-chheng/ros2_ws/src) by extensions ['cmake', 'python']
[1.474s] Level 1:colcon.colcon_core.package_identification:_identify(/home/lydia-chheng/ros2_ws/src) by extension 'cmake'
[1.474s] Level 1:colcon.colcon_core.package_identification:_identify(/home/lydia-chheng/ros2_ws/src) by extension 'python'
[1.474s] Level 1:colcon.colcon_core.package_identification:_identify(/home/lydia-chheng/ros2_ws/src) by extensions ['python_setup_py']
[1.474s] Level 1:colcon.colcon_core.package_identification:_identify(/home/lydia-chheng/ros2_ws/src) by extension 'python_setup_py'
[1.475s] Level 1:colcon.colcon_core.package_identification:_identify(/home/lydia-chheng/ros2_ws/src/build) by extensions ['ignore', 'ignore_ament_install']
[1.475s] Level 1:colcon.colcon_core.package_identification:_identify(/home/lydia-chheng/ros2_ws/src/build) by extension 'ignore'
[1.475s] Level 1:colcon.colcon_core.package_identification:_identify(/home/lydia-chheng/ros2_ws/src/build) ignored
[1.475s] Level 1:colcon.colcon_core.package_identification:_identify(/home/lydia-chheng/ros2_ws/src/install) by extensions ['ignore', 'ignore_ament_install']
[1.476s] Level 1:colcon.colcon_core.package_identification:_identify(/home/lydia-chheng/ros2_ws/src/install) by extension 'ignore'
[1.476s] Level 1:colcon.colcon_core.package_identification:_identify(/home/lydia-chheng/ros2_ws/src/install) ignored
[1.476s] Level 1:colcon.colcon_core.package_identification:_identify(/home/lydia-chheng/ros2_ws/src/log) by extensions ['ignore', 'ignore_ament_install']
[1.476s] Level 1:colcon.colcon_core.package_identification:_identify(/home/lydia-chheng/ros2_ws/src/log) by extension 'ignore'
[1.476s] Level 1:colcon.colcon_core.package_identification:_identify(/home/lydia-chheng/ros2_ws/src/log) ignored
[1.477s] Level 1:colcon.colcon_core.package_identification:_identify(/home/lydia-chheng/ros2_ws/src/test1) by extensions ['ignore', 'ignore_ament_install']
[1.477s] Level 1:colcon.colcon_core.package_identification:_identify(/home/lydia-chheng/ros2_ws/src/test1) by extension 'ignore'
[1.477s] Level 1:colcon.colcon_core.package_identification:_identify(/home/lydia-chheng/ros2_ws/src/test1) by extension 'ignore_ament_install'
[1.477s] Level 1:colcon.colcon_core.package_identification:_identify(/home/lydia-chheng/ros2_ws/src/test1) by extensions ['colcon_pkg']
[1.477s] Level 1:colcon.colcon_core.package_identification:_identify(/home/lydia-chheng/ros2_ws/src/test1) by extension 'colcon_pkg'
[1.478s] Level 1:colcon.colcon_core.package_identification:_identify(/home/lydia-chheng/ros2_ws/src/test1) by extensions ['colcon_meta']
[1.478s] Level 1:colcon.colcon_core.package_identification:_identify(/home/lydia-chheng/ros2_ws/src/test1) by extension 'colcon_meta'
[1.478s] Level 1:colcon.colcon_core.package_identification:_identify(/home/lydia-chheng/ros2_ws/src/test1) by extensions ['ros']
[1.478s] Level 1:colcon.colcon_core.package_identification:_identify(/home/lydia-chheng/ros2_ws/src/test1) by extension 'ros'
[1.486s] DEBUG:colcon.colcon_core.package_identification:Failed to parse potential ROS package manifest in'/home/lydia-chheng/ros2_ws/src/test1': Error(s) in package '/home/lydia-chheng/ros2_ws/src/test1/package.xml':
The manifest contains invalid XML:
not well-formed (invalid token): line 1, column 0
[1.486s] Level 1:colcon.colcon_core.package_identification:_identify(/home/lydia-chheng/ros2_ws/src/test1) by extensions ['cmake', 'python']
[1.486s] Level 1:colcon.colcon_core.package_identification:_identify(/home/lydia-chheng/ros2_ws/src/test1) by extension 'cmake'
[1.487s] Level 1:colcon.colcon_core.package_identification:_identify(/home/lydia-chheng/ros2_ws/src/test1) by extension 'python'
[1.487s] DEBUG:colcon.colcon_core.package_identification:Python package in '/home/lydia-chheng/ros2_ws/src/test1' passes arguments to the setup() function which requires a different identification extension than 'python'
[1.487s] Level 1:colcon.colcon_core.package_identification:_identify(/home/lydia-chheng/ros2_ws/src/test1) by extensions ['python_setup_py']
[1.487s] Level 1:colcon.colcon_core.package_identification:_identify(/home/lydia-chheng/ros2_ws/src/test1) by extension 'python_setup_py'
[2.889s] DEBUG:colcon.colcon_core.package_identification:Package '/home/lydia-chheng/ros2_ws/src/test1' with type 'python' and name 'test1'
[2.890s] Level 1:colcon.colcon_core.package_identification:_identify(/home/lydia-chheng/ros2_ws/src/test2) by extensions ['ignore', 'ignore_ament_install']
[2.890s] Level 1:colcon.colcon_core.package_identification:_identify(/home/lydia-chheng/ros2_ws/src/test2) by extension 'ignore'
[2.890s] Level 1:colcon.colcon_core.package_identification:_identify(/home/lydia-chheng/ros2_ws/src/test2) by extension 'ignore_ament_install'
[2.890s] Level 1:colcon.colcon_core.package_identification:_identify(/home/lydia-chheng/ros2_ws/src/test2) by extensions ['colcon_pkg']
[2.890s] Level 1:colcon.colcon_core.package_identification:_identify(/home/lydia-chheng/ros2_ws/src/test2) by extension 'colcon_pkg'
[2.890s] Level 1:colcon.colcon_core.package_identification:_identify(/home/lydia-chheng/ros2_ws/src/test2) by extensions ['colcon_meta']
[2.890s] Level 1:colcon.colcon_core.package_identification:_identify(/home/lydia-chheng/ros2_ws/src/test2) by extension 'colcon_meta'
[2.892s] Level 1:colcon.colcon_core.package_identification:_identify(/home/lydia-chheng/ros2_ws/src/test2) by extensions ['ros']
[2.892s] Level 1:colcon.colcon_core.package_identification:_identify(/home/lydia-chheng/ros2_ws/src/test2) by extension 'ros'
[2.903s] DEBUG:colcon.colcon_core.package_identification:Package '/home/lydia-chheng/ros2_ws/src/test2' with type 'ros.ament_python' and name 'test2'
[2.903s] Level 1:colcon.colcon_core.package_identification:_identify(/home/lydia-chheng/ros2_ws/src/test_custom_msg_srv) by extensions ['ignore', 'ignore_ament_install']
[2.903s] Level 1:colcon.colcon_core.package_identification:_identify(/home/lydia-chheng/ros2_ws/src/test_custom_msg_srv) by extension 'ignore'
[2.904s] Level 1:colcon.colcon_core.package_identification:_identify(/home/lydia-chheng/ros2_ws/src/test_custom_msg_srv) by extension 'ignore_ament_install'
[2.904s] Level 1:colcon.colcon_core.package_identification:_identify(/home/lydia-chheng/ros2_ws/src/test_custom_msg_srv) by extensions ['colcon_pkg']
[2.904s] Level 1:colcon.colcon_core.package_identification:_identify(/home/lydia-chheng/ros2_ws/src/test_custom_msg_srv) by extension 'colcon_pkg'
[2.905s] Level 1:colcon.colcon_core.package_identification:_identify(/home/lydia-chheng/ros2_ws/src/test_custom_msg_srv) by extensions ['colcon_meta']
[2.906s] Level 1:colcon.colcon_core.package_identification:_identify(/home/lydia-chheng/ros2_ws/src/test_custom_msg_srv) by extension 'colcon_meta'
[2.906s] Level 1:colcon.colcon_core.package_identification:_identify(/home/lydia-chheng/ros2_ws/src/test_custom_msg_srv) by extensions ['ros']
[2.906s] Level 1:colcon.colcon_core.package_identification:_identify(/home/lydia-chheng/ros2_ws/src/test_custom_msg_srv) by extension 'ros'
[2.912s] DEBUG:colcon.colcon_core.package_identification:Package '/home/lydia-chheng/ros2_ws/src/test_custom_msg_srv' with type 'ros.ament_cmake' and name 'test_custom_msg_srv'
[2.913s] Level 1:colcon.colcon_core.package_identification:_identify(/home/lydia-chheng/ros2_ws/src/test_pub_sub) by extensions ['ignore', 'ignore_ament_install']
[2.913s] Level 1:colcon.colcon_core.package_identification:_identify(/home/lydia-chheng/ros2_ws/src/test_pub_sub) by extension 'ignore'
[2.913s] Level 1:colcon.colcon_core.package_identification:_identify(/home/lydia-chheng/ros2_ws/src/test_pub_sub) by extension 'ignore_ament_install'
[2.914s] Level 1:colcon.colcon_core.package_identification:_identify(/home/lydia-chheng/ros2_ws/src/test_pub_sub) by extensions ['colcon_pkg']
[2.914s] Level 1:colcon.colcon_core.package_identification:_identify(/home/lydia-chheng/ros2_ws/src/test_pub_sub) by extension 'colcon_pkg'
[2.914s] Level 1:colcon.colcon_core.package_identification:_identify(/home/lydia-chheng/ros2_ws/src/test_pub_sub) by extensions ['colcon_meta']
[2.914s] Level 1:colcon.colcon_core.package_identification:_identify(/home/lydia-chheng/ros2_ws/src/test_pub_sub) by extension 'colcon_meta'
[2.914s] Level 1:colcon.colcon_core.package_identification:_identify(/home/lydia-chheng/ros2_ws/src/test_pub_sub) by extensions ['ros']
[2.914s] Level 1:colcon.colcon_core.package_identification:_identify(/home/lydia-chheng/ros2_ws/src/test_pub_sub) by extension 'ros'
[2.921s] DEBUG:colcon.colcon_core.package_identification:Package '/home/lydia-chheng/ros2_ws/src/test_pub_sub' with type 'ros.ament_python' and name 'test_pub_sub'
[2.922s] Level 1:colcon.colcon_core.package_identification:_identify(/home/lydia-chheng/ros2_ws/src/test_srv_cli) by extensions ['ignore', 'ignore_ament_install']
[2.922s] Level 1:colcon.colcon_core.package_identification:_identify(/home/lydia-chheng/ros2_ws/src/test_srv_cli) by extension 'ignore'
[2.924s] Level 1:colcon.colcon_core.package_identification:_identify(/home/lydia-chheng/ros2_ws/src/test_srv_cli) by extension 'ignore_ament_install'
[2.925s] Level 1:colcon.colcon_core.package_identification:_identify(/home/lydia-chheng/ros2_ws/src/test_srv_cli) by extensions ['colcon_pkg']
[2.925s] Level 1:colcon.colcon_core.package_identification:_identify(/home/lydia-chheng/ros2_ws/src/test_srv_cli) by extension 'colcon_pkg'
[2.925s] Level 1:colcon.colcon_core.package_identification:_identify(/home/lydia-chheng/ros2_ws/src/test_srv_cli) by extensions ['colcon_meta']
[2.925s] Level 1:colcon.colcon_core.package_identification:_identify(/home/lydia-chheng/ros2_ws/src/test_srv_cli) by extension 'colcon_meta'
[2.925s] Level 1:colcon.colcon_core.package_identification:_identify(/home/lydia-chheng/ros2_ws/src/test_srv_cli) by extensions ['ros']
[2.925s] Level 1:colcon.colcon_core.package_identification:_identify(/home/lydia-chheng/ros2_ws/src/test_srv_cli) by extension 'ros'
[2.932s] DEBUG:colcon.colcon_core.package_identification:Package '/home/lydia-chheng/ros2_ws/src/test_srv_cli' with type 'ros.ament_python' and name 'test_srv_cli'
[2.932s] Level 1:colcon.colcon_core.package_discovery:discover_packages(recursive) using defaults
