[1.350s] Invoking command in '/home/lydia-chheng/ros2_ws/src/parameters': PYTHONPATH=/home/lydia-chheng/ros2_ws/build/parameters/prefix_override:/usr/lib/python3/dist-packages/colcon_core/task/python/colcon_distutils_commands:/home/lydia-chheng/ros2_ws/install/parameters/lib/python3.10/site-packages:${PYTHONPATH} /usr/bin/python3 -W ignore:setup.py install is deprecated -W ignore:easy_install command is deprecated setup.py egg_info --egg-base ../../build/parameters build --build-base /home/lydia-chheng/ros2_ws/build/parameters/build install --record /home/lydia-chheng/ros2_ws/build/parameters/install.log --single-version-externally-managed install_data
[1.619s] /home/lydia-chheng/.local/lib/python3.10/site-packages/setuptools/_distutils/dist.py:261: UserWarning: Unknown distribution option: 'tests_require'
[1.619s]   warnings.warn(msg)
[1.815s] running egg_info
[1.849s] writing ../../build/parameters/parameters.egg-info/PKG-INFO
[1.850s] writing dependency_links to ../../build/parameters/parameters.egg-info/dependency_links.txt
[1.851s] writing entry points to ../../build/parameters/parameters.egg-info/entry_points.txt
[1.851s] writing requirements to ../../build/parameters/parameters.egg-info/requires.txt
[1.851s] writing top-level names to ../../build/parameters/parameters.egg-info/top_level.txt
[1.908s] reading manifest file '../../build/parameters/parameters.egg-info/SOURCES.txt'
[1.909s] adding license file 'LICENSE'
[1.910s] writing manifest file '../../build/parameters/parameters.egg-info/SOURCES.txt'
[1.910s] running build
[1.911s] running build_py
[1.911s] copying parameters/__init__.py -> /home/lydia-chheng/ros2_ws/build/parameters/build/lib/parameters
[1.911s] copying parameters/parameters.py -> /home/lydia-chheng/ros2_ws/build/parameters/build/lib/parameters
[1.912s] running install
[1.921s] running install_lib
[1.952s] copying /home/lydia-chheng/ros2_ws/build/parameters/build/lib/parameters/parameters.py -> /home/lydia-chheng/ros2_ws/install/parameters/lib/python3.10/site-packages/parameters
[1.953s] byte-compiling /home/lydia-chheng/ros2_ws/install/parameters/lib/python3.10/site-packages/parameters/parameters.py to parameters.cpython-310.pyc
[1.954s] running install_data
[1.954s] copying resource/parameters -> /home/lydia-chheng/ros2_ws/install/parameters/share/ament_index/resource_index/packages
[1.955s] copying package.xml -> /home/lydia-chheng/ros2_ws/install/parameters/share/parameters
[1.955s] running install_egg_info
[1.990s] removing '/home/lydia-chheng/ros2_ws/install/parameters/lib/python3.10/site-packages/parameters-0.0.0-py3.10.egg-info' (and everything under it)
[1.990s] Copying ../../build/parameters/parameters.egg-info to /home/lydia-chheng/ros2_ws/install/parameters/lib/python3.10/site-packages/parameters-0.0.0-py3.10.egg-info
[1.991s] running install_scripts
[2.226s] Installing parameters script to /home/lydia-chheng/ros2_ws/install/parameters/lib/parameters
[2.226s] writing list of installed files to '/home/lydia-chheng/ros2_ws/build/parameters/install.log'
[2.280s] Invoked command in '/home/lydia-chheng/ros2_ws/src/parameters' returned '0': PYTHONPATH=/home/lydia-chheng/ros2_ws/build/parameters/prefix_override:/usr/lib/python3/dist-packages/colcon_core/task/python/colcon_distutils_commands:/home/lydia-chheng/ros2_ws/install/parameters/lib/python3.10/site-packages:${PYTHONPATH} /usr/bin/python3 -W ignore:setup.py install is deprecated -W ignore:easy_install command is deprecated setup.py egg_info --egg-base ../../build/parameters build --build-base /home/lydia-chheng/ros2_ws/build/parameters/build install --record /home/lydia-chheng/ros2_ws/build/parameters/install.log --single-version-externally-managed install_data
