[0.208s] DEBUG:colcon:Command line arguments: ['/usr/bin/colcon', 'build', '--symlink-install']
[0.208s] DEBUG:colcon:Parsed command line arguments: Namespace(log_base=None, log_level=None, verb_name='build', build_base='build', install_base='install', merge_install=False, symlink_install=True, test_result_base=None, continue_on_error=False, executor='parallel', parallel_workers=4, event_handlers=None, ignore_user_meta=False, metas=['./colcon.meta'], base_paths=['.'], packages_ignore=None, packages_ignore_regex=None, paths=None, packages_up_to=None, packages_up_to_regex=None, packages_above=None, packages_above_and_dependencies=None, packages_above_depth=None, packages_select_by_dep=None, packages_skip_by_dep=None, packages_skip_up_to=None, packages_select_build_failed=False, packages_skip_build_finished=False, packages_select_test_failures=False, packages_skip_test_passed=False, packages_select=None, packages_skip=None, packages_select_regex=None, packages_skip_regex=None, packages_start=None, packages_end=None, allow_overriding=[], cmake_args=None, cmake_target=None, cmake_target_skip_unavailable=False, cmake_clean_cache=False, cmake_clean_first=False, cmake_force_configure=False, ament_cmake_args=None, catkin_cmake_args=None, catkin_skip_building_tests=False, mixin_files=None, mixin=None, verb_parser=<colcon_mixin.mixin.mixin_argument.MixinArgumentDecorator object at 0x711126d27400>, verb_extension=<colcon_core.verb.build.BuildVerb object at 0x711126d26ec0>, main=<bound method BuildVerb.main of <colcon_core.verb.build.BuildVerb object at 0x711126d26ec0>>, mixin_verb=('build',))
[0.278s] Level 1:colcon.colcon_core.package_discovery:discover_packages(colcon_meta) check parameters
[0.278s] Level 1:colcon.colcon_core.package_discovery:discover_packages(recursive) check parameters
[0.279s] Level 1:colcon.colcon_core.package_discovery:discover_packages(ignore) check parameters
[0.279s] Level 1:colcon.colcon_core.package_discovery:discover_packages(path) check parameters
[0.279s] Level 1:colcon.colcon_core.package_discovery:discover_packages(colcon_meta) discover
[0.279s] Level 1:colcon.colcon_core.package_discovery:discover_packages(recursive) discover
[0.279s] INFO:colcon.colcon_core.package_discovery:Crawling recursively for packages in '/home/lydia-chheng/ros2_ws'
[0.279s] Level 1:colcon.colcon_core.package_identification:_identify(.) by extensions ['ignore', 'ignore_ament_install']
[0.279s] Level 1:colcon.colcon_core.package_identification:_identify(.) by extension 'ignore'
[0.279s] Level 1:colcon.colcon_core.package_identification:_identify(.) by extension 'ignore_ament_install'
[0.279s] Level 1:colcon.colcon_core.package_identification:_identify(.) by extensions ['colcon_pkg']
[0.279s] Level 1:colcon.colcon_core.package_identification:_identify(.) by extension 'colcon_pkg'
[0.280s] Level 1:colcon.colcon_core.package_identification:_identify(.) by extensions ['colcon_meta']
[0.280s] Level 1:colcon.colcon_core.package_identification:_identify(.) by extension 'colcon_meta'
[0.280s] Level 1:colcon.colcon_core.package_identification:_identify(.) by extensions ['ros']
[0.280s] Level 1:colcon.colcon_core.package_identification:_identify(.) by extension 'ros'
[0.310s] Level 1:colcon.colcon_core.package_identification:_identify(.) by extensions ['cmake', 'python']
[0.310s] Level 1:colcon.colcon_core.package_identification:_identify(.) by extension 'cmake'
[0.310s] Level 1:colcon.colcon_core.package_identification:_identify(.) by extension 'python'
[0.310s] Level 1:colcon.colcon_core.package_identification:_identify(.) by extensions ['python_setup_py']
[0.310s] Level 1:colcon.colcon_core.package_identification:_identify(.) by extension 'python_setup_py'
[0.311s] Level 1:colcon.colcon_core.package_identification:_identify(build) by extensions ['ignore', 'ignore_ament_install']
[0.311s] Level 1:colcon.colcon_core.package_identification:_identify(build) by extension 'ignore'
[0.311s] Level 1:colcon.colcon_core.package_identification:_identify(build) ignored
[0.311s] Level 1:colcon.colcon_core.package_identification:_identify(install) by extensions ['ignore', 'ignore_ament_install']
[0.312s] Level 1:colcon.colcon_core.package_identification:_identify(install) by extension 'ignore'
[0.312s] Level 1:colcon.colcon_core.package_identification:_identify(install) ignored
[0.312s] Level 1:colcon.colcon_core.package_identification:_identify(log) by extensions ['ignore', 'ignore_ament_install']
[0.312s] Level 1:colcon.colcon_core.package_identification:_identify(log) by extension 'ignore'
[0.312s] Level 1:colcon.colcon_core.package_identification:_identify(log) ignored
[0.313s] Level 1:colcon.colcon_core.package_identification:_identify(src) by extensions ['ignore', 'ignore_ament_install']
[0.313s] Level 1:colcon.colcon_core.package_identification:_identify(src) by extension 'ignore'
[0.313s] Level 1:colcon.colcon_core.package_identification:_identify(src) by extension 'ignore_ament_install'
[0.313s] Level 1:colcon.colcon_core.package_identification:_identify(src) by extensions ['colcon_pkg']
[0.313s] Level 1:colcon.colcon_core.package_identification:_identify(src) by extension 'colcon_pkg'
[0.313s] Level 1:colcon.colcon_core.package_identification:_identify(src) by extensions ['colcon_meta']
[0.313s] Level 1:colcon.colcon_core.package_identification:_identify(src) by extension 'colcon_meta'
[0.313s] Level 1:colcon.colcon_core.package_identification:_identify(src) by extensions ['ros']
[0.313s] Level 1:colcon.colcon_core.package_identification:_identify(src) by extension 'ros'
[0.314s] Level 1:colcon.colcon_core.package_identification:_identify(src) by extensions ['cmake', 'python']
[0.314s] Level 1:colcon.colcon_core.package_identification:_identify(src) by extension 'cmake'
[0.314s] Level 1:colcon.colcon_core.package_identification:_identify(src) by extension 'python'
[0.314s] Level 1:colcon.colcon_core.package_identification:_identify(src) by extensions ['python_setup_py']
[0.314s] Level 1:colcon.colcon_core.package_identification:_identify(src) by extension 'python_setup_py'
[0.314s] Level 1:colcon.colcon_core.package_identification:_identify(src/build) by extensions ['ignore', 'ignore_ament_install']
[0.314s] Level 1:colcon.colcon_core.package_identification:_identify(src/build) by extension 'ignore'
[0.315s] Level 1:colcon.colcon_core.package_identification:_identify(src/build) ignored
[0.315s] Level 1:colcon.colcon_core.package_identification:_identify(src/install) by extensions ['ignore', 'ignore_ament_install']
[0.315s] Level 1:colcon.colcon_core.package_identification:_identify(src/install) by extension 'ignore'
[0.315s] Level 1:colcon.colcon_core.package_identification:_identify(src/install) ignored
[0.315s] Level 1:colcon.colcon_core.package_identification:_identify(src/log) by extensions ['ignore', 'ignore_ament_install']
[0.316s] Level 1:colcon.colcon_core.package_identification:_identify(src/log) by extension 'ignore'
[0.316s] Level 1:colcon.colcon_core.package_identification:_identify(src/log) ignored
[0.316s] Level 1:colcon.colcon_core.package_identification:_identify(src/test1) by extensions ['ignore', 'ignore_ament_install']
[0.316s] Level 1:colcon.colcon_core.package_identification:_identify(src/test1) by extension 'ignore'
[0.316s] Level 1:colcon.colcon_core.package_identification:_identify(src/test1) by extension 'ignore_ament_install'
[0.316s] Level 1:colcon.colcon_core.package_identification:_identify(src/test1) by extensions ['colcon_pkg']
[0.316s] Level 1:colcon.colcon_core.package_identification:_identify(src/test1) by extension 'colcon_pkg'
[0.316s] Level 1:colcon.colcon_core.package_identification:_identify(src/test1) by extensions ['colcon_meta']
[0.317s] Level 1:colcon.colcon_core.package_identification:_identify(src/test1) by extension 'colcon_meta'
[0.317s] Level 1:colcon.colcon_core.package_identification:_identify(src/test1) by extensions ['ros']
[0.317s] Level 1:colcon.colcon_core.package_identification:_identify(src/test1) by extension 'ros'
[0.318s] DEBUG:colcon.colcon_core.package_identification:Failed to parse potential ROS package manifest in'src/test1': Error(s) in package 'src/test1/package.xml':
The manifest contains invalid XML:
not well-formed (invalid token): line 1, column 0
[0.318s] Level 1:colcon.colcon_core.package_identification:_identify(src/test1) by extensions ['cmake', 'python']
[0.318s] Level 1:colcon.colcon_core.package_identification:_identify(src/test1) by extension 'cmake'
[0.319s] Level 1:colcon.colcon_core.package_identification:_identify(src/test1) by extension 'python'
[0.319s] DEBUG:colcon.colcon_core.package_identification:Python package in 'src/test1' passes arguments to the setup() function which requires a different identification extension than 'python'
[0.319s] Level 1:colcon.colcon_core.package_identification:_identify(src/test1) by extensions ['python_setup_py']
[0.319s] Level 1:colcon.colcon_core.package_identification:_identify(src/test1) by extension 'python_setup_py'
[0.735s] DEBUG:colcon.colcon_core.package_identification:Package 'src/test1' with type 'python' and name 'test1'
[0.736s] Level 1:colcon.colcon_core.package_identification:_identify(src/test2) by extensions ['ignore', 'ignore_ament_install']
[0.736s] Level 1:colcon.colcon_core.package_identification:_identify(src/test2) by extension 'ignore'
[0.736s] Level 1:colcon.colcon_core.package_identification:_identify(src/test2) by extension 'ignore_ament_install'
[0.736s] Level 1:colcon.colcon_core.package_identification:_identify(src/test2) by extensions ['colcon_pkg']
[0.736s] Level 1:colcon.colcon_core.package_identification:_identify(src/test2) by extension 'colcon_pkg'
[0.736s] Level 1:colcon.colcon_core.package_identification:_identify(src/test2) by extensions ['colcon_meta']
[0.737s] Level 1:colcon.colcon_core.package_identification:_identify(src/test2) by extension 'colcon_meta'
[0.737s] Level 1:colcon.colcon_core.package_identification:_identify(src/test2) by extensions ['ros']
[0.737s] Level 1:colcon.colcon_core.package_identification:_identify(src/test2) by extension 'ros'
[0.740s] DEBUG:colcon.colcon_core.package_identification:Package 'src/test2' with type 'ros.ament_python' and name 'test2'
[0.740s] Level 1:colcon.colcon_core.package_identification:_identify(src/test_pub_sub) by extensions ['ignore', 'ignore_ament_install']
[0.741s] Level 1:colcon.colcon_core.package_identification:_identify(src/test_pub_sub) by extension 'ignore'
[0.741s] Level 1:colcon.colcon_core.package_identification:_identify(src/test_pub_sub) by extension 'ignore_ament_install'
[0.741s] Level 1:colcon.colcon_core.package_identification:_identify(src/test_pub_sub) by extensions ['colcon_pkg']
[0.741s] Level 1:colcon.colcon_core.package_identification:_identify(src/test_pub_sub) by extension 'colcon_pkg'
[0.741s] Level 1:colcon.colcon_core.package_identification:_identify(src/test_pub_sub) by extensions ['colcon_meta']
[0.741s] Level 1:colcon.colcon_core.package_identification:_identify(src/test_pub_sub) by extension 'colcon_meta'
[0.742s] Level 1:colcon.colcon_core.package_identification:_identify(src/test_pub_sub) by extensions ['ros']
[0.742s] Level 1:colcon.colcon_core.package_identification:_identify(src/test_pub_sub) by extension 'ros'
[0.743s] DEBUG:colcon.colcon_core.package_identification:Package 'src/test_pub_sub' with type 'ros.ament_python' and name 'test_pub_sub'
[0.743s] Level 1:colcon.colcon_core.package_discovery:discover_packages(recursive) using defaults
[0.743s] Level 1:colcon.colcon_core.package_discovery:discover_packages(ignore) discover
[0.743s] Level 1:colcon.colcon_core.package_discovery:discover_packages(ignore) using defaults
[0.743s] Level 1:colcon.colcon_core.package_discovery:discover_packages(path) discover
[0.743s] Level 1:colcon.colcon_core.package_discovery:discover_packages(path) using defaults
[0.780s] Level 1:colcon.colcon_core.package_discovery:discover_packages(prefix_path) check parameters
[0.780s] Level 1:colcon.colcon_core.package_discovery:discover_packages(prefix_path) discover
[0.786s] DEBUG:colcon.colcon_installed_package_information.package_discovery:Found 294 installed packages in /opt/ros/humble
[0.792s] Level 1:colcon.colcon_core.package_discovery:discover_packages(prefix_path) using defaults
[0.887s] Level 5:colcon.colcon_core.verb:set package 'test1' build argument 'cmake_args' from command line to 'None'
[0.887s] Level 5:colcon.colcon_core.verb:set package 'test1' build argument 'cmake_target' from command line to 'None'
[0.887s] Level 5:colcon.colcon_core.verb:set package 'test1' build argument 'cmake_target_skip_unavailable' from command line to 'False'
[0.887s] Level 5:colcon.colcon_core.verb:set package 'test1' build argument 'cmake_clean_cache' from command line to 'False'
[0.887s] Level 5:colcon.colcon_core.verb:set package 'test1' build argument 'cmake_clean_first' from command line to 'False'
[0.887s] Level 5:colcon.colcon_core.verb:set package 'test1' build argument 'cmake_force_configure' from command line to 'False'
[0.887s] Level 5:colcon.colcon_core.verb:set package 'test1' build argument 'ament_cmake_args' from command line to 'None'
[0.887s] Level 5:colcon.colcon_core.verb:set package 'test1' build argument 'catkin_cmake_args' from command line to 'None'
[0.887s] Level 5:colcon.colcon_core.verb:set package 'test1' build argument 'catkin_skip_building_tests' from command line to 'False'
[0.887s] DEBUG:colcon.colcon_core.verb:Building package 'test1' with the following arguments: {'ament_cmake_args': None, 'build_base': '/home/lydia-chheng/ros2_ws/build/test1', 'catkin_cmake_args': None, 'catkin_skip_building_tests': False, 'cmake_args': None, 'cmake_clean_cache': False, 'cmake_clean_first': False, 'cmake_force_configure': False, 'cmake_target': None, 'cmake_target_skip_unavailable': False, 'install_base': '/home/lydia-chheng/ros2_ws/install/test1', 'merge_install': False, 'path': '/home/lydia-chheng/ros2_ws/src/test1', 'symlink_install': True, 'test_result_base': None}
[0.888s] Level 5:colcon.colcon_core.verb:set package 'test2' build argument 'cmake_args' from command line to 'None'
[0.888s] Level 5:colcon.colcon_core.verb:set package 'test2' build argument 'cmake_target' from command line to 'None'
[0.888s] Level 5:colcon.colcon_core.verb:set package 'test2' build argument 'cmake_target_skip_unavailable' from command line to 'False'
[0.888s] Level 5:colcon.colcon_core.verb:set package 'test2' build argument 'cmake_clean_cache' from command line to 'False'
[0.888s] Level 5:colcon.colcon_core.verb:set package 'test2' build argument 'cmake_clean_first' from command line to 'False'
[0.888s] Level 5:colcon.colcon_core.verb:set package 'test2' build argument 'cmake_force_configure' from command line to 'False'
[0.888s] Level 5:colcon.colcon_core.verb:set package 'test2' build argument 'ament_cmake_args' from command line to 'None'
[0.888s] Level 5:colcon.colcon_core.verb:set package 'test2' build argument 'catkin_cmake_args' from command line to 'None'
[0.889s] Level 5:colcon.colcon_core.verb:set package 'test2' build argument 'catkin_skip_building_tests' from command line to 'False'
[0.889s] DEBUG:colcon.colcon_core.verb:Building package 'test2' with the following arguments: {'ament_cmake_args': None, 'build_base': '/home/lydia-chheng/ros2_ws/build/test2', 'catkin_cmake_args': None, 'catkin_skip_building_tests': False, 'cmake_args': None, 'cmake_clean_cache': False, 'cmake_clean_first': False, 'cmake_force_configure': False, 'cmake_target': None, 'cmake_target_skip_unavailable': False, 'install_base': '/home/lydia-chheng/ros2_ws/install/test2', 'merge_install': False, 'path': '/home/lydia-chheng/ros2_ws/src/test2', 'symlink_install': True, 'test_result_base': None}
[0.889s] Level 5:colcon.colcon_core.verb:set package 'test_pub_sub' build argument 'cmake_args' from command line to 'None'
[0.889s] Level 5:colcon.colcon_core.verb:set package 'test_pub_sub' build argument 'cmake_target' from command line to 'None'
[0.889s] Level 5:colcon.colcon_core.verb:set package 'test_pub_sub' build argument 'cmake_target_skip_unavailable' from command line to 'False'
[0.889s] Level 5:colcon.colcon_core.verb:set package 'test_pub_sub' build argument 'cmake_clean_cache' from command line to 'False'
[0.890s] Level 5:colcon.colcon_core.verb:set package 'test_pub_sub' build argument 'cmake_clean_first' from command line to 'False'
[0.890s] Level 5:colcon.colcon_core.verb:set package 'test_pub_sub' build argument 'cmake_force_configure' from command line to 'False'
[0.890s] Level 5:colcon.colcon_core.verb:set package 'test_pub_sub' build argument 'ament_cmake_args' from command line to 'None'
[0.890s] Level 5:colcon.colcon_core.verb:set package 'test_pub_sub' build argument 'catkin_cmake_args' from command line to 'None'
[0.890s] Level 5:colcon.colcon_core.verb:set package 'test_pub_sub' build argument 'catkin_skip_building_tests' from command line to 'False'
[0.890s] DEBUG:colcon.colcon_core.verb:Building package 'test_pub_sub' with the following arguments: {'ament_cmake_args': None, 'build_base': '/home/lydia-chheng/ros2_ws/build/test_pub_sub', 'catkin_cmake_args': None, 'catkin_skip_building_tests': False, 'cmake_args': None, 'cmake_clean_cache': False, 'cmake_clean_first': False, 'cmake_force_configure': False, 'cmake_target': None, 'cmake_target_skip_unavailable': False, 'install_base': '/home/lydia-chheng/ros2_ws/install/test_pub_sub', 'merge_install': False, 'path': '/home/lydia-chheng/ros2_ws/src/test_pub_sub', 'symlink_install': True, 'test_result_base': None}
[0.890s] INFO:colcon.colcon_core.executor:Executing jobs using 'parallel' executor
[0.892s] DEBUG:colcon.colcon_parallel_executor.executor.parallel:run_until_complete
[0.892s] INFO:colcon.colcon_core.task.python.build:Building Python package in '/home/lydia-chheng/ros2_ws/src/test1'
[0.897s] INFO:colcon.colcon_core.plugin_system:Skipping extension 'colcon_core.shell.bat': Not used on non-Windows systems
[0.897s] INFO:colcon.colcon_core.shell:Skip shell extension 'powershell' for command environment: Not usable outside of PowerShell
[0.897s] DEBUG:colcon.colcon_core.shell:Skip shell extension 'dsv' for command environment
[0.904s] INFO:colcon.colcon_ros.task.ament_python.build:Building ROS package in '/home/lydia-chheng/ros2_ws/src/test2' with build type 'ament_python'
[0.905s] Level 1:colcon.colcon_core.shell:create_environment_hook('test2', 'ament_prefix_path')
[0.905s] INFO:colcon.colcon_core.shell:Creating environment hook '/home/lydia-chheng/ros2_ws/install/test2/share/test2/hook/ament_prefix_path.ps1'
[0.907s] INFO:colcon.colcon_core.shell:Creating environment descriptor '/home/lydia-chheng/ros2_ws/install/test2/share/test2/hook/ament_prefix_path.dsv'
[0.909s] INFO:colcon.colcon_core.shell:Creating environment hook '/home/lydia-chheng/ros2_ws/install/test2/share/test2/hook/ament_prefix_path.sh'
[0.910s] INFO:colcon.colcon_core.shell:Skip shell extension 'powershell' for command environment: Not usable outside of PowerShell
[0.910s] DEBUG:colcon.colcon_core.shell:Skip shell extension 'dsv' for command environment
[0.915s] INFO:colcon.colcon_ros.task.ament_python.build:Building ROS package in '/home/lydia-chheng/ros2_ws/src/test_pub_sub' with build type 'ament_python'
[0.915s] Level 1:colcon.colcon_core.shell:create_environment_hook('test_pub_sub', 'ament_prefix_path')
[0.916s] INFO:colcon.colcon_core.shell:Creating environment hook '/home/lydia-chheng/ros2_ws/install/test_pub_sub/share/test_pub_sub/hook/ament_prefix_path.ps1'
[0.918s] INFO:colcon.colcon_core.shell:Creating environment descriptor '/home/lydia-chheng/ros2_ws/install/test_pub_sub/share/test_pub_sub/hook/ament_prefix_path.dsv'
[0.919s] INFO:colcon.colcon_core.shell:Creating environment hook '/home/lydia-chheng/ros2_ws/install/test_pub_sub/share/test_pub_sub/hook/ament_prefix_path.sh'
[0.921s] INFO:colcon.colcon_core.shell:Skip shell extension 'powershell' for command environment: Not usable outside of PowerShell
[0.921s] DEBUG:colcon.colcon_core.shell:Skip shell extension 'dsv' for command environment
[2.024s] INFO:colcon.colcon_core.task.python.build:Building Python package in '/home/lydia-chheng/ros2_ws/src/test2'
[2.025s] INFO:colcon.colcon_core.shell:Skip shell extension 'powershell' for command environment: Not usable outside of PowerShell
[2.025s] DEBUG:colcon.colcon_core.shell:Skip shell extension 'dsv' for command environment
[2.625s] INFO:colcon.colcon_core.task.python.build:Building Python package in '/home/lydia-chheng/ros2_ws/src/test_pub_sub'
[2.625s] INFO:colcon.colcon_core.shell:Skip shell extension 'powershell' for command environment: Not usable outside of PowerShell
[2.625s] DEBUG:colcon.colcon_core.shell:Skip shell extension 'dsv' for command environment
[3.106s] DEBUG:colcon.colcon_core.task.python.build:While undoing a previous installation files outside the Python library path are being ignored: /home/lydia-chheng/ros2_ws/install/test1/share/ament_index/resource_index/packages/test1
[3.106s] DEBUG:colcon.colcon_core.task.python.build:While undoing a previous installation files outside the Python library path are being ignored: /home/lydia-chheng/ros2_ws/install/test1/share/test1/package.xml
[3.107s] DEBUG:colcon.colcon_core.task.python.build:While undoing a previous installation files outside the Python library path are being ignored: /home/lydia-chheng/ros2_ws/install/test1/lib/test1/test_node
[3.114s] DEBUG:colcon.colcon_core.event_handler.log_command:Invoking command in '/home/lydia-chheng/ros2_ws/build/test1': PYTHONPATH=/home/lydia-chheng/ros2_ws/build/test1/prefix_override:/usr/lib/python3/dist-packages/colcon_core/task/python/colcon_distutils_commands:/home/lydia-chheng/ros2_ws/install/test1/lib/python3.10/site-packages:${PYTHONPATH} /usr/bin/python3 -W ignore:setup.py install is deprecated -W ignore:easy_install command is deprecated setup.py develop --editable --build-directory /home/lydia-chheng/ros2_ws/build/test1/build --no-deps symlink_data --force
[4.414s] DEBUG:colcon.colcon_core.task.python.build:While undoing a previous installation files outside the Python library path are being ignored: /home/lydia-chheng/ros2_ws/install/test2/share/ament_index/resource_index/packages/test2
[4.414s] DEBUG:colcon.colcon_core.task.python.build:While undoing a previous installation files outside the Python library path are being ignored: /home/lydia-chheng/ros2_ws/install/test2/share/test2/package.xml
[4.415s] DEBUG:colcon.colcon_core.task.python.build:While undoing a previous installation files outside the Python library path are being ignored: /home/lydia-chheng/ros2_ws/install/test2/lib/test2/turtle_publisher
[4.427s] DEBUG:colcon.colcon_core.event_handler.log_command:Invoking command in '/home/lydia-chheng/ros2_ws/build/test2': PYTHONPATH=/home/lydia-chheng/ros2_ws/build/test2/prefix_override:/usr/lib/python3/dist-packages/colcon_core/task/python/colcon_distutils_commands:/home/lydia-chheng/ros2_ws/install/test2/lib/python3.10/site-packages:${PYTHONPATH} /usr/bin/python3 -W ignore:setup.py install is deprecated -W ignore:easy_install command is deprecated setup.py develop --editable --build-directory /home/lydia-chheng/ros2_ws/build/test2/build --no-deps symlink_data --force
[4.494s] DEBUG:colcon.colcon_core.event_handler.log_command:Invoking command in '/home/lydia-chheng/ros2_ws/build/test_pub_sub': PYTHONPATH=/home/lydia-chheng/ros2_ws/build/test_pub_sub/prefix_override:/usr/lib/python3/dist-packages/colcon_core/task/python/colcon_distutils_commands:/home/lydia-chheng/ros2_ws/install/test_pub_sub/lib/python3.10/site-packages:${PYTHONPATH} /usr/bin/python3 -W ignore:setup.py install is deprecated -W ignore:easy_install command is deprecated setup.py develop --editable --build-directory /home/lydia-chheng/ros2_ws/build/test_pub_sub/build --no-deps symlink_data
[5.417s] Level 1:colcon.colcon_core.shell:create_environment_hook('test1', 'pythonpath_develop')
[5.419s] INFO:colcon.colcon_core.shell:Creating environment hook '/home/lydia-chheng/ros2_ws/build/test1/share/test1/hook/pythonpath_develop.ps1'
[5.418s] DEBUG:colcon.colcon_core.event_handler.log_command:Invoked command in '/home/lydia-chheng/ros2_ws/build/test1' returned '0': PYTHONPATH=/home/lydia-chheng/ros2_ws/build/test1/prefix_override:/usr/lib/python3/dist-packages/colcon_core/task/python/colcon_distutils_commands:/home/lydia-chheng/ros2_ws/install/test1/lib/python3.10/site-packages:${PYTHONPATH} /usr/bin/python3 -W ignore:setup.py install is deprecated -W ignore:easy_install command is deprecated setup.py develop --editable --build-directory /home/lydia-chheng/ros2_ws/build/test1/build --no-deps symlink_data --force
[5.421s] INFO:colcon.colcon_core.shell:Creating environment descriptor '/home/lydia-chheng/ros2_ws/build/test1/share/test1/hook/pythonpath_develop.dsv'
[5.422s] INFO:colcon.colcon_core.shell:Creating environment hook '/home/lydia-chheng/ros2_ws/build/test1/share/test1/hook/pythonpath_develop.sh'
[5.434s] Level 1:colcon.colcon_core.environment:checking '/home/lydia-chheng/ros2_ws/install/test1' for CMake module files
[5.436s] Level 1:colcon.colcon_core.environment:checking '/home/lydia-chheng/ros2_ws/install/test1' for CMake config files
[5.437s] Level 1:colcon.colcon_core.environment:checking '/home/lydia-chheng/ros2_ws/install/test1/lib'
[5.438s] Level 1:colcon.colcon_core.environment:checking '/home/lydia-chheng/ros2_ws/install/test1/bin'
[5.438s] Level 1:colcon.colcon_core.environment:checking '/home/lydia-chheng/ros2_ws/install/test1/lib/pkgconfig/test1.pc'
[5.439s] Level 1:colcon.colcon_core.environment:checking '/home/lydia-chheng/ros2_ws/install/test1/lib/python3.10/site-packages'
[5.439s] Level 1:colcon.colcon_core.shell:create_environment_hook('test1', 'pythonpath')
[5.440s] INFO:colcon.colcon_core.shell:Creating environment hook '/home/lydia-chheng/ros2_ws/install/test1/share/test1/hook/pythonpath.ps1'
[5.441s] INFO:colcon.colcon_core.shell:Creating environment descriptor '/home/lydia-chheng/ros2_ws/install/test1/share/test1/hook/pythonpath.dsv'
[5.443s] INFO:colcon.colcon_core.shell:Creating environment hook '/home/lydia-chheng/ros2_ws/install/test1/share/test1/hook/pythonpath.sh'
[5.445s] Level 1:colcon.colcon_core.environment:checking '/home/lydia-chheng/ros2_ws/install/test1/bin'
[5.445s] Level 1:colcon.colcon_core.environment:create_environment_scripts_only(test1)
[5.447s] INFO:colcon.colcon_core.shell:Creating package script '/home/lydia-chheng/ros2_ws/install/test1/share/test1/package.ps1'
[5.450s] INFO:colcon.colcon_core.shell:Creating package descriptor '/home/lydia-chheng/ros2_ws/install/test1/share/test1/package.dsv'
[5.453s] INFO:colcon.colcon_core.shell:Creating package script '/home/lydia-chheng/ros2_ws/install/test1/share/test1/package.sh'
[5.456s] INFO:colcon.colcon_core.shell:Creating package script '/home/lydia-chheng/ros2_ws/install/test1/share/test1/package.bash'
[5.460s] INFO:colcon.colcon_core.shell:Creating package script '/home/lydia-chheng/ros2_ws/install/test1/share/test1/package.zsh'
[5.465s] Level 1:colcon.colcon_core.environment:create_file_with_runtime_dependencies(/home/lydia-chheng/ros2_ws/install/test1/share/colcon-core/packages/test1)
[6.541s] Level 1:colcon.colcon_core.shell:create_environment_hook('test_pub_sub', 'pythonpath_develop')
[6.542s] INFO:colcon.colcon_core.shell:Creating environment hook '/home/lydia-chheng/ros2_ws/build/test_pub_sub/share/test_pub_sub/hook/pythonpath_develop.ps1'
[6.544s] DEBUG:colcon.colcon_core.event_handler.log_command:Invoked command in '/home/lydia-chheng/ros2_ws/build/test_pub_sub' returned '0': PYTHONPATH=/home/lydia-chheng/ros2_ws/build/test_pub_sub/prefix_override:/usr/lib/python3/dist-packages/colcon_core/task/python/colcon_distutils_commands:/home/lydia-chheng/ros2_ws/install/test_pub_sub/lib/python3.10/site-packages:${PYTHONPATH} /usr/bin/python3 -W ignore:setup.py install is deprecated -W ignore:easy_install command is deprecated setup.py develop --editable --build-directory /home/lydia-chheng/ros2_ws/build/test_pub_sub/build --no-deps symlink_data
[6.546s] INFO:colcon.colcon_core.shell:Creating environment descriptor '/home/lydia-chheng/ros2_ws/build/test_pub_sub/share/test_pub_sub/hook/pythonpath_develop.dsv'
[6.547s] INFO:colcon.colcon_core.shell:Creating environment hook '/home/lydia-chheng/ros2_ws/build/test_pub_sub/share/test_pub_sub/hook/pythonpath_develop.sh'
[6.552s] Level 1:colcon.colcon_core.environment:checking '/home/lydia-chheng/ros2_ws/install/test_pub_sub' for CMake module files
[6.556s] Level 1:colcon.colcon_core.environment:checking '/home/lydia-chheng/ros2_ws/install/test_pub_sub' for CMake config files
[6.557s] Level 1:colcon.colcon_core.environment:checking '/home/lydia-chheng/ros2_ws/install/test_pub_sub/lib'
[6.558s] Level 1:colcon.colcon_core.environment:checking '/home/lydia-chheng/ros2_ws/install/test_pub_sub/bin'
[6.558s] Level 1:colcon.colcon_core.environment:checking '/home/lydia-chheng/ros2_ws/install/test_pub_sub/lib/pkgconfig/test_pub_sub.pc'
[6.559s] Level 1:colcon.colcon_core.environment:checking '/home/lydia-chheng/ros2_ws/install/test_pub_sub/lib/python3.10/site-packages'
[6.559s] Level 1:colcon.colcon_core.shell:create_environment_hook('test_pub_sub', 'pythonpath')
[6.560s] INFO:colcon.colcon_core.shell:Creating environment hook '/home/lydia-chheng/ros2_ws/install/test_pub_sub/share/test_pub_sub/hook/pythonpath.ps1'
[6.563s] INFO:colcon.colcon_core.shell:Creating environment descriptor '/home/lydia-chheng/ros2_ws/install/test_pub_sub/share/test_pub_sub/hook/pythonpath.dsv'
[6.566s] INFO:colcon.colcon_core.shell:Creating environment hook '/home/lydia-chheng/ros2_ws/install/test_pub_sub/share/test_pub_sub/hook/pythonpath.sh'
[6.570s] Level 1:colcon.colcon_core.environment:checking '/home/lydia-chheng/ros2_ws/install/test_pub_sub/bin'
[6.571s] Level 1:colcon.colcon_core.environment:create_environment_scripts_only(test_pub_sub)
[6.572s] INFO:colcon.colcon_core.shell:Creating package script '/home/lydia-chheng/ros2_ws/install/test_pub_sub/share/test_pub_sub/package.ps1'
[6.574s] INFO:colcon.colcon_core.shell:Creating package descriptor '/home/lydia-chheng/ros2_ws/install/test_pub_sub/share/test_pub_sub/package.dsv'
[6.575s] INFO:colcon.colcon_core.shell:Creating package script '/home/lydia-chheng/ros2_ws/install/test_pub_sub/share/test_pub_sub/package.sh'
[6.580s] INFO:colcon.colcon_core.shell:Creating package script '/home/lydia-chheng/ros2_ws/install/test_pub_sub/share/test_pub_sub/package.bash'
[6.581s] INFO:colcon.colcon_core.shell:Creating package script '/home/lydia-chheng/ros2_ws/install/test_pub_sub/share/test_pub_sub/package.zsh'
[6.585s] Level 1:colcon.colcon_core.environment:create_file_with_runtime_dependencies(/home/lydia-chheng/ros2_ws/install/test_pub_sub/share/colcon-core/packages/test_pub_sub)
[6.602s] Level 1:colcon.colcon_core.shell:create_environment_hook('test2', 'pythonpath_develop')
[6.603s] INFO:colcon.colcon_core.shell:Creating environment hook '/home/lydia-chheng/ros2_ws/build/test2/share/test2/hook/pythonpath_develop.ps1'
[6.604s] INFO:colcon.colcon_core.shell:Creating environment descriptor '/home/lydia-chheng/ros2_ws/build/test2/share/test2/hook/pythonpath_develop.dsv'
[6.605s] DEBUG:colcon.colcon_core.event_handler.log_command:Invoked command in '/home/lydia-chheng/ros2_ws/build/test2' returned '0': PYTHONPATH=/home/lydia-chheng/ros2_ws/build/test2/prefix_override:/usr/lib/python3/dist-packages/colcon_core/task/python/colcon_distutils_commands:/home/lydia-chheng/ros2_ws/install/test2/lib/python3.10/site-packages:${PYTHONPATH} /usr/bin/python3 -W ignore:setup.py install is deprecated -W ignore:easy_install command is deprecated setup.py develop --editable --build-directory /home/lydia-chheng/ros2_ws/build/test2/build --no-deps symlink_data --force
[6.606s] INFO:colcon.colcon_core.shell:Creating environment hook '/home/lydia-chheng/ros2_ws/build/test2/share/test2/hook/pythonpath_develop.sh'
[6.607s] Level 1:colcon.colcon_core.environment:checking '/home/lydia-chheng/ros2_ws/install/test2' for CMake module files
[6.609s] Level 1:colcon.colcon_core.environment:checking '/home/lydia-chheng/ros2_ws/install/test2' for CMake config files
[6.610s] Level 1:colcon.colcon_core.environment:checking '/home/lydia-chheng/ros2_ws/install/test2/lib'
[6.610s] Level 1:colcon.colcon_core.environment:checking '/home/lydia-chheng/ros2_ws/install/test2/bin'
[6.612s] Level 1:colcon.colcon_core.environment:checking '/home/lydia-chheng/ros2_ws/install/test2/lib/pkgconfig/test2.pc'
[6.613s] Level 1:colcon.colcon_core.environment:checking '/home/lydia-chheng/ros2_ws/install/test2/lib/python3.10/site-packages'
[6.613s] Level 1:colcon.colcon_core.shell:create_environment_hook('test2', 'pythonpath')
[6.613s] INFO:colcon.colcon_core.shell:Creating environment hook '/home/lydia-chheng/ros2_ws/install/test2/share/test2/hook/pythonpath.ps1'
[6.615s] INFO:colcon.colcon_core.shell:Creating environment descriptor '/home/lydia-chheng/ros2_ws/install/test2/share/test2/hook/pythonpath.dsv'
[6.615s] INFO:colcon.colcon_core.shell:Creating environment hook '/home/lydia-chheng/ros2_ws/install/test2/share/test2/hook/pythonpath.sh'
[6.617s] Level 1:colcon.colcon_core.environment:checking '/home/lydia-chheng/ros2_ws/install/test2/bin'
[6.617s] Level 1:colcon.colcon_core.environment:create_environment_scripts_only(test2)
[6.618s] INFO:colcon.colcon_core.shell:Creating package script '/home/lydia-chheng/ros2_ws/install/test2/share/test2/package.ps1'
[6.620s] INFO:colcon.colcon_core.shell:Creating package descriptor '/home/lydia-chheng/ros2_ws/install/test2/share/test2/package.dsv'
[6.621s] INFO:colcon.colcon_core.shell:Creating package script '/home/lydia-chheng/ros2_ws/install/test2/share/test2/package.sh'
[6.622s] INFO:colcon.colcon_core.shell:Creating package script '/home/lydia-chheng/ros2_ws/install/test2/share/test2/package.bash'
[6.623s] INFO:colcon.colcon_core.shell:Creating package script '/home/lydia-chheng/ros2_ws/install/test2/share/test2/package.zsh'
[6.624s] Level 1:colcon.colcon_core.environment:create_file_with_runtime_dependencies(/home/lydia-chheng/ros2_ws/install/test2/share/colcon-core/packages/test2)
[6.625s] DEBUG:colcon.colcon_parallel_executor.executor.parallel:closing loop
[6.626s] DEBUG:colcon.colcon_parallel_executor.executor.parallel:loop closed
[6.626s] DEBUG:colcon.colcon_parallel_executor.executor.parallel:run_until_complete finished with '0'
[6.626s] DEBUG:colcon.colcon_core.event_reactor:joining thread
[6.638s] INFO:colcon.colcon_core.plugin_system:Skipping extension 'colcon_notification.desktop_notification.terminal_notifier': Not used on non-Darwin systems
[6.638s] INFO:colcon.colcon_core.plugin_system:Skipping extension 'colcon_notification.desktop_notification.win32': Not used on non-Windows systems
[6.638s] INFO:colcon.colcon_notification.desktop_notification:Sending desktop notification using 'notify2'
[6.696s] DEBUG:colcon.colcon_core.event_reactor:joined thread
[6.697s] INFO:colcon.colcon_core.shell:Creating prefix script '/home/lydia-chheng/ros2_ws/install/local_setup.ps1'
[6.699s] INFO:colcon.colcon_core.shell:Creating prefix util module '/home/lydia-chheng/ros2_ws/install/_local_setup_util_ps1.py'
[6.704s] INFO:colcon.colcon_core.shell:Creating prefix chain script '/home/lydia-chheng/ros2_ws/install/setup.ps1'
[6.707s] INFO:colcon.colcon_core.shell:Creating prefix script '/home/lydia-chheng/ros2_ws/install/local_setup.sh'
[6.709s] INFO:colcon.colcon_core.shell:Creating prefix util module '/home/lydia-chheng/ros2_ws/install/_local_setup_util_sh.py'
[6.711s] INFO:colcon.colcon_core.shell:Creating prefix chain script '/home/lydia-chheng/ros2_ws/install/setup.sh'
[6.714s] INFO:colcon.colcon_core.shell:Creating prefix script '/home/lydia-chheng/ros2_ws/install/local_setup.bash'
[6.715s] INFO:colcon.colcon_core.shell:Creating prefix chain script '/home/lydia-chheng/ros2_ws/install/setup.bash'
[6.717s] INFO:colcon.colcon_core.shell:Creating prefix script '/home/lydia-chheng/ros2_ws/install/local_setup.zsh'
[6.719s] INFO:colcon.colcon_core.shell:Creating prefix chain script '/home/lydia-chheng/ros2_ws/install/setup.zsh'
