[0.255s] DEBUG:colcon:Command line arguments: ['/usr/bin/colcon', 'build']
[0.255s] DEBUG:colcon:Parsed command line arguments: Namespace(log_base=None, log_level=None, verb_name='build', build_base='build', install_base='install', merge_install=False, symlink_install=False, test_result_base=None, continue_on_error=False, executor='parallel', parallel_workers=4, event_handlers=None, ignore_user_meta=False, metas=['./colcon.meta'], base_paths=['.'], packages_ignore=None, packages_ignore_regex=None, paths=None, packages_up_to=None, packages_up_to_regex=None, packages_above=None, packages_above_and_dependencies=None, packages_above_depth=None, packages_select_by_dep=None, packages_skip_by_dep=None, packages_skip_up_to=None, packages_select_build_failed=False, packages_skip_build_finished=False, packages_select_test_failures=False, packages_skip_test_passed=False, packages_select=None, packages_skip=None, packages_select_regex=None, packages_skip_regex=None, packages_start=None, packages_end=None, allow_overriding=[], cmake_args=None, cmake_target=None, cmake_target_skip_unavailable=False, cmake_clean_cache=False, cmake_clean_first=False, cmake_force_configure=False, ament_cmake_args=None, catkin_cmake_args=None, catkin_skip_building_tests=False, mixin_files=None, mixin=None, verb_parser=<colcon_mixin.mixin.mixin_argument.MixinArgumentDecorator object at 0x7dbf4163b3d0>, verb_extension=<colcon_core.verb.build.BuildVerb object at 0x7dbf4163ae90>, main=<bound method BuildVerb.main of <colcon_core.verb.build.BuildVerb object at 0x7dbf4163ae90>>, mixin_verb=('build',))
[0.611s] Level 1:colcon.colcon_core.package_discovery:discover_packages(colcon_meta) check parameters
[0.611s] Level 1:colcon.colcon_core.package_discovery:discover_packages(recursive) check parameters
[0.611s] Level 1:colcon.colcon_core.package_discovery:discover_packages(ignore) check parameters
[0.611s] Level 1:colcon.colcon_core.package_discovery:discover_packages(path) check parameters
[0.611s] Level 1:colcon.colcon_core.package_discovery:discover_packages(colcon_meta) discover
[0.611s] Level 1:colcon.colcon_core.package_discovery:discover_packages(recursive) discover
[0.611s] INFO:colcon.colcon_core.package_discovery:Crawling recursively for packages in '/home/lydia-chheng/ros2_ws/src'
[0.612s] Level 1:colcon.colcon_core.package_identification:_identify(.) by extensions ['ignore', 'ignore_ament_install']
[0.612s] Level 1:colcon.colcon_core.package_identification:_identify(.) by extension 'ignore'
[0.612s] Level 1:colcon.colcon_core.package_identification:_identify(.) by extension 'ignore_ament_install'
[0.612s] Level 1:colcon.colcon_core.package_identification:_identify(.) by extensions ['colcon_pkg']
[0.612s] Level 1:colcon.colcon_core.package_identification:_identify(.) by extension 'colcon_pkg'
[0.612s] Level 1:colcon.colcon_core.package_identification:_identify(.) by extensions ['colcon_meta']
[0.612s] Level 1:colcon.colcon_core.package_identification:_identify(.) by extension 'colcon_meta'
[0.612s] Level 1:colcon.colcon_core.package_identification:_identify(.) by extensions ['ros']
[0.612s] Level 1:colcon.colcon_core.package_identification:_identify(.) by extension 'ros'
[0.634s] Level 1:colcon.colcon_core.package_identification:_identify(.) by extensions ['cmake', 'python']
[0.634s] Level 1:colcon.colcon_core.package_identification:_identify(.) by extension 'cmake'
[0.634s] Level 1:colcon.colcon_core.package_identification:_identify(.) by extension 'python'
[0.635s] Level 1:colcon.colcon_core.package_identification:_identify(.) by extensions ['python_setup_py']
[0.635s] Level 1:colcon.colcon_core.package_identification:_identify(.) by extension 'python_setup_py'
[0.635s] Level 1:colcon.colcon_core.package_identification:_identify(build) by extensions ['ignore', 'ignore_ament_install']
[0.635s] Level 1:colcon.colcon_core.package_identification:_identify(build) by extension 'ignore'
[0.635s] Level 1:colcon.colcon_core.package_identification:_identify(build) ignored
[0.635s] Level 1:colcon.colcon_core.package_identification:_identify(can_test) by extensions ['ignore', 'ignore_ament_install']
[0.635s] Level 1:colcon.colcon_core.package_identification:_identify(can_test) by extension 'ignore'
[0.635s] Level 1:colcon.colcon_core.package_identification:_identify(can_test) by extension 'ignore_ament_install'
[0.636s] Level 1:colcon.colcon_core.package_identification:_identify(can_test) by extensions ['colcon_pkg']
[0.636s] Level 1:colcon.colcon_core.package_identification:_identify(can_test) by extension 'colcon_pkg'
[0.636s] Level 1:colcon.colcon_core.package_identification:_identify(can_test) by extensions ['colcon_meta']
[0.636s] Level 1:colcon.colcon_core.package_identification:_identify(can_test) by extension 'colcon_meta'
[0.636s] Level 1:colcon.colcon_core.package_identification:_identify(can_test) by extensions ['ros']
[0.636s] Level 1:colcon.colcon_core.package_identification:_identify(can_test) by extension 'ros'
[0.642s] DEBUG:colcon.colcon_core.package_identification:Package 'can_test' with type 'ros.ament_python' and name 'can_test'
[0.643s] Level 1:colcon.colcon_core.package_identification:_identify(install) by extensions ['ignore', 'ignore_ament_install']
[0.643s] Level 1:colcon.colcon_core.package_identification:_identify(install) by extension 'ignore'
[0.643s] Level 1:colcon.colcon_core.package_identification:_identify(install) ignored
[0.643s] Level 1:colcon.colcon_core.package_identification:_identify(log) by extensions ['ignore', 'ignore_ament_install']
[0.643s] Level 1:colcon.colcon_core.package_identification:_identify(log) by extension 'ignore'
[0.643s] Level 1:colcon.colcon_core.package_identification:_identify(log) ignored
[0.643s] Level 1:colcon.colcon_core.package_identification:_identify(test1) by extensions ['ignore', 'ignore_ament_install']
[0.643s] Level 1:colcon.colcon_core.package_identification:_identify(test1) by extension 'ignore'
[0.644s] Level 1:colcon.colcon_core.package_identification:_identify(test1) by extension 'ignore_ament_install'
[0.644s] Level 1:colcon.colcon_core.package_identification:_identify(test1) by extensions ['colcon_pkg']
[0.644s] Level 1:colcon.colcon_core.package_identification:_identify(test1) by extension 'colcon_pkg'
[0.644s] Level 1:colcon.colcon_core.package_identification:_identify(test1) by extensions ['colcon_meta']
[0.644s] Level 1:colcon.colcon_core.package_identification:_identify(test1) by extension 'colcon_meta'
[0.644s] Level 1:colcon.colcon_core.package_identification:_identify(test1) by extensions ['ros']
[0.644s] Level 1:colcon.colcon_core.package_identification:_identify(test1) by extension 'ros'
[0.645s] DEBUG:colcon.colcon_core.package_identification:Failed to parse potential ROS package manifest in'test1': Error(s) in package 'test1/package.xml':
The manifest contains invalid XML:
not well-formed (invalid token): line 1, column 0
[0.645s] Level 1:colcon.colcon_core.package_identification:_identify(test1) by extensions ['cmake', 'python']
[0.645s] Level 1:colcon.colcon_core.package_identification:_identify(test1) by extension 'cmake'
[0.645s] Level 1:colcon.colcon_core.package_identification:_identify(test1) by extension 'python'
[0.646s] DEBUG:colcon.colcon_core.package_identification:Python package in 'test1' passes arguments to the setup() function which requires a different identification extension than 'python'
[0.646s] Level 1:colcon.colcon_core.package_identification:_identify(test1) by extensions ['python_setup_py']
[0.646s] Level 1:colcon.colcon_core.package_identification:_identify(test1) by extension 'python_setup_py'
[1.084s] DEBUG:colcon.colcon_core.package_identification:Package 'test1' with type 'python' and name 'test1'
[1.084s] Level 1:colcon.colcon_core.package_identification:_identify(test2) by extensions ['ignore', 'ignore_ament_install']
[1.084s] Level 1:colcon.colcon_core.package_identification:_identify(test2) by extension 'ignore'
[1.085s] Level 1:colcon.colcon_core.package_identification:_identify(test2) by extension 'ignore_ament_install'
[1.085s] Level 1:colcon.colcon_core.package_identification:_identify(test2) by extensions ['colcon_pkg']
[1.085s] Level 1:colcon.colcon_core.package_identification:_identify(test2) by extension 'colcon_pkg'
[1.085s] Level 1:colcon.colcon_core.package_identification:_identify(test2) by extensions ['colcon_meta']
[1.085s] Level 1:colcon.colcon_core.package_identification:_identify(test2) by extension 'colcon_meta'
[1.085s] Level 1:colcon.colcon_core.package_identification:_identify(test2) by extensions ['ros']
[1.085s] Level 1:colcon.colcon_core.package_identification:_identify(test2) by extension 'ros'
[1.087s] DEBUG:colcon.colcon_core.package_identification:Package 'test2' with type 'ros.ament_python' and name 'test2'
[1.087s] Level 1:colcon.colcon_core.package_discovery:discover_packages(recursive) using defaults
[1.087s] Level 1:colcon.colcon_core.package_discovery:discover_packages(ignore) discover
[1.087s] Level 1:colcon.colcon_core.package_discovery:discover_packages(ignore) using defaults
[1.087s] Level 1:colcon.colcon_core.package_discovery:discover_packages(path) discover
[1.087s] Level 1:colcon.colcon_core.package_discovery:discover_packages(path) using defaults
[1.160s] Level 1:colcon.colcon_core.package_discovery:discover_packages(prefix_path) check parameters
[1.160s] Level 1:colcon.colcon_core.package_discovery:discover_packages(prefix_path) discover
[1.168s] DEBUG:colcon.colcon_installed_package_information.package_discovery:Found 294 installed packages in /opt/ros/humble
[1.171s] Level 1:colcon.colcon_core.package_discovery:discover_packages(prefix_path) using defaults
[1.270s] Level 5:colcon.colcon_core.verb:set package 'can_test' build argument 'cmake_args' from command line to 'None'
[1.270s] Level 5:colcon.colcon_core.verb:set package 'can_test' build argument 'cmake_target' from command line to 'None'
[1.270s] Level 5:colcon.colcon_core.verb:set package 'can_test' build argument 'cmake_target_skip_unavailable' from command line to 'False'
[1.270s] Level 5:colcon.colcon_core.verb:set package 'can_test' build argument 'cmake_clean_cache' from command line to 'False'
[1.270s] Level 5:colcon.colcon_core.verb:set package 'can_test' build argument 'cmake_clean_first' from command line to 'False'
[1.270s] Level 5:colcon.colcon_core.verb:set package 'can_test' build argument 'cmake_force_configure' from command line to 'False'
[1.270s] Level 5:colcon.colcon_core.verb:set package 'can_test' build argument 'ament_cmake_args' from command line to 'None'
[1.270s] Level 5:colcon.colcon_core.verb:set package 'can_test' build argument 'catkin_cmake_args' from command line to 'None'
[1.270s] Level 5:colcon.colcon_core.verb:set package 'can_test' build argument 'catkin_skip_building_tests' from command line to 'False'
[1.271s] DEBUG:colcon.colcon_core.verb:Building package 'can_test' with the following arguments: {'ament_cmake_args': None, 'build_base': '/home/lydia-chheng/ros2_ws/src/build/can_test', 'catkin_cmake_args': None, 'catkin_skip_building_tests': False, 'cmake_args': None, 'cmake_clean_cache': False, 'cmake_clean_first': False, 'cmake_force_configure': False, 'cmake_target': None, 'cmake_target_skip_unavailable': False, 'install_base': '/home/lydia-chheng/ros2_ws/src/install/can_test', 'merge_install': False, 'path': '/home/lydia-chheng/ros2_ws/src/can_test', 'symlink_install': False, 'test_result_base': None}
[1.271s] Level 5:colcon.colcon_core.verb:set package 'test1' build argument 'cmake_args' from command line to 'None'
[1.271s] Level 5:colcon.colcon_core.verb:set package 'test1' build argument 'cmake_target' from command line to 'None'
[1.271s] Level 5:colcon.colcon_core.verb:set package 'test1' build argument 'cmake_target_skip_unavailable' from command line to 'False'
[1.271s] Level 5:colcon.colcon_core.verb:set package 'test1' build argument 'cmake_clean_cache' from command line to 'False'
[1.271s] Level 5:colcon.colcon_core.verb:set package 'test1' build argument 'cmake_clean_first' from command line to 'False'
[1.271s] Level 5:colcon.colcon_core.verb:set package 'test1' build argument 'cmake_force_configure' from command line to 'False'
[1.271s] Level 5:colcon.colcon_core.verb:set package 'test1' build argument 'ament_cmake_args' from command line to 'None'
[1.272s] Level 5:colcon.colcon_core.verb:set package 'test1' build argument 'catkin_cmake_args' from command line to 'None'
[1.272s] Level 5:colcon.colcon_core.verb:set package 'test1' build argument 'catkin_skip_building_tests' from command line to 'False'
[1.272s] DEBUG:colcon.colcon_core.verb:Building package 'test1' with the following arguments: {'ament_cmake_args': None, 'build_base': '/home/lydia-chheng/ros2_ws/src/build/test1', 'catkin_cmake_args': None, 'catkin_skip_building_tests': False, 'cmake_args': None, 'cmake_clean_cache': False, 'cmake_clean_first': False, 'cmake_force_configure': False, 'cmake_target': None, 'cmake_target_skip_unavailable': False, 'install_base': '/home/lydia-chheng/ros2_ws/src/install/test1', 'merge_install': False, 'path': '/home/lydia-chheng/ros2_ws/src/test1', 'symlink_install': False, 'test_result_base': None}
[1.272s] Level 5:colcon.colcon_core.verb:set package 'test2' build argument 'cmake_args' from command line to 'None'
[1.272s] Level 5:colcon.colcon_core.verb:set package 'test2' build argument 'cmake_target' from command line to 'None'
[1.272s] Level 5:colcon.colcon_core.verb:set package 'test2' build argument 'cmake_target_skip_unavailable' from command line to 'False'
[1.272s] Level 5:colcon.colcon_core.verb:set package 'test2' build argument 'cmake_clean_cache' from command line to 'False'
[1.272s] Level 5:colcon.colcon_core.verb:set package 'test2' build argument 'cmake_clean_first' from command line to 'False'
[1.272s] Level 5:colcon.colcon_core.verb:set package 'test2' build argument 'cmake_force_configure' from command line to 'False'
[1.273s] Level 5:colcon.colcon_core.verb:set package 'test2' build argument 'ament_cmake_args' from command line to 'None'
[1.273s] Level 5:colcon.colcon_core.verb:set package 'test2' build argument 'catkin_cmake_args' from command line to 'None'
[1.273s] Level 5:colcon.colcon_core.verb:set package 'test2' build argument 'catkin_skip_building_tests' from command line to 'False'
[1.273s] DEBUG:colcon.colcon_core.verb:Building package 'test2' with the following arguments: {'ament_cmake_args': None, 'build_base': '/home/lydia-chheng/ros2_ws/src/build/test2', 'catkin_cmake_args': None, 'catkin_skip_building_tests': False, 'cmake_args': None, 'cmake_clean_cache': False, 'cmake_clean_first': False, 'cmake_force_configure': False, 'cmake_target': None, 'cmake_target_skip_unavailable': False, 'install_base': '/home/lydia-chheng/ros2_ws/src/install/test2', 'merge_install': False, 'path': '/home/lydia-chheng/ros2_ws/src/test2', 'symlink_install': False, 'test_result_base': None}
[1.273s] INFO:colcon.colcon_core.executor:Executing jobs using 'parallel' executor
[1.274s] DEBUG:colcon.colcon_parallel_executor.executor.parallel:run_until_complete
[1.275s] INFO:colcon.colcon_ros.task.ament_python.build:Building ROS package in '/home/lydia-chheng/ros2_ws/src/can_test' with build type 'ament_python'
[1.275s] Level 1:colcon.colcon_core.shell:create_environment_hook('can_test', 'ament_prefix_path')
[1.282s] INFO:colcon.colcon_core.plugin_system:Skipping extension 'colcon_core.shell.bat': Not used on non-Windows systems
[1.283s] INFO:colcon.colcon_core.shell:Creating environment hook '/home/lydia-chheng/ros2_ws/src/install/can_test/share/can_test/hook/ament_prefix_path.ps1'
[1.285s] INFO:colcon.colcon_core.shell:Creating environment descriptor '/home/lydia-chheng/ros2_ws/src/install/can_test/share/can_test/hook/ament_prefix_path.dsv'
[1.286s] INFO:colcon.colcon_core.shell:Creating environment hook '/home/lydia-chheng/ros2_ws/src/install/can_test/share/can_test/hook/ament_prefix_path.sh'
[1.288s] INFO:colcon.colcon_core.shell:Skip shell extension 'powershell' for command environment: Not usable outside of PowerShell
[1.288s] DEBUG:colcon.colcon_core.shell:Skip shell extension 'dsv' for command environment
[1.295s] INFO:colcon.colcon_core.task.python.build:Building Python package in '/home/lydia-chheng/ros2_ws/src/test1'
[1.296s] INFO:colcon.colcon_core.shell:Skip shell extension 'powershell' for command environment: Not usable outside of PowerShell
[1.296s] DEBUG:colcon.colcon_core.shell:Skip shell extension 'dsv' for command environment
[1.302s] INFO:colcon.colcon_ros.task.ament_python.build:Building ROS package in '/home/lydia-chheng/ros2_ws/src/test2' with build type 'ament_python'
[1.303s] Level 1:colcon.colcon_core.shell:create_environment_hook('test2', 'ament_prefix_path')
[1.303s] INFO:colcon.colcon_core.shell:Creating environment hook '/home/lydia-chheng/ros2_ws/src/install/test2/share/test2/hook/ament_prefix_path.ps1'
[1.305s] INFO:colcon.colcon_core.shell:Creating environment descriptor '/home/lydia-chheng/ros2_ws/src/install/test2/share/test2/hook/ament_prefix_path.dsv'
[1.306s] INFO:colcon.colcon_core.shell:Creating environment hook '/home/lydia-chheng/ros2_ws/src/install/test2/share/test2/hook/ament_prefix_path.sh'
[1.307s] INFO:colcon.colcon_core.shell:Skip shell extension 'powershell' for command environment: Not usable outside of PowerShell
[1.307s] DEBUG:colcon.colcon_core.shell:Skip shell extension 'dsv' for command environment
[1.777s] INFO:colcon.colcon_core.task.python.build:Building Python package in '/home/lydia-chheng/ros2_ws/src/can_test'
[1.778s] INFO:colcon.colcon_core.shell:Skip shell extension 'powershell' for command environment: Not usable outside of PowerShell
[1.778s] DEBUG:colcon.colcon_core.shell:Skip shell extension 'dsv' for command environment
[2.733s] INFO:colcon.colcon_core.task.python.build:Building Python package in '/home/lydia-chheng/ros2_ws/src/test2'
[2.733s] INFO:colcon.colcon_core.shell:Skip shell extension 'powershell' for command environment: Not usable outside of PowerShell
[2.734s] DEBUG:colcon.colcon_core.shell:Skip shell extension 'dsv' for command environment
[2.983s] DEBUG:colcon.colcon_core.event_handler.log_command:Invoking command in '/home/lydia-chheng/ros2_ws/src/test1': PYTHONPATH=/home/lydia-chheng/ros2_ws/src/build/test1/prefix_override:/usr/lib/python3/dist-packages/colcon_core/task/python/colcon_distutils_commands:/home/lydia-chheng/ros2_ws/src/install/test1/lib/python3.10/site-packages:${PYTHONPATH} /usr/bin/python3 -W ignore:setup.py install is deprecated -W ignore:easy_install command is deprecated setup.py egg_info --egg-base ../build/test1 build --build-base /home/lydia-chheng/ros2_ws/src/build/test1/build install --record /home/lydia-chheng/ros2_ws/src/build/test1/install.log --single-version-externally-managed install_data
[3.400s] DEBUG:colcon.colcon_core.event_handler.log_command:Invoking command in '/home/lydia-chheng/ros2_ws/src/test2': PYTHONPATH=/home/lydia-chheng/ros2_ws/src/build/test2/prefix_override:/usr/lib/python3/dist-packages/colcon_core/task/python/colcon_distutils_commands:/home/lydia-chheng/ros2_ws/src/install/test2/lib/python3.10/site-packages:${PYTHONPATH} /usr/bin/python3 -W ignore:setup.py install is deprecated -W ignore:easy_install command is deprecated setup.py egg_info --egg-base ../build/test2 build --build-base /home/lydia-chheng/ros2_ws/src/build/test2/build install --record /home/lydia-chheng/ros2_ws/src/build/test2/install.log --single-version-externally-managed install_data
[3.669s] DEBUG:colcon.colcon_core.event_handler.log_command:Invoking command in '/home/lydia-chheng/ros2_ws/src/can_test': PYTHONPATH=/home/lydia-chheng/ros2_ws/src/build/can_test/prefix_override:/usr/lib/python3/dist-packages/colcon_core/task/python/colcon_distutils_commands:/home/lydia-chheng/ros2_ws/src/install/can_test/lib/python3.10/site-packages:${PYTHONPATH} /usr/bin/python3 -W ignore:setup.py install is deprecated -W ignore:easy_install command is deprecated setup.py egg_info --egg-base ../build/can_test build --build-base /home/lydia-chheng/ros2_ws/src/build/can_test/build install --record /home/lydia-chheng/ros2_ws/src/build/can_test/install.log --single-version-externally-managed install_data
[3.818s] DEBUG:colcon.colcon_core.event_handler.log_command:Invoked command in '/home/lydia-chheng/ros2_ws/src/test1' returned '0': PYTHONPATH=/home/lydia-chheng/ros2_ws/src/build/test1/prefix_override:/usr/lib/python3/dist-packages/colcon_core/task/python/colcon_distutils_commands:/home/lydia-chheng/ros2_ws/src/install/test1/lib/python3.10/site-packages:${PYTHONPATH} /usr/bin/python3 -W ignore:setup.py install is deprecated -W ignore:easy_install command is deprecated setup.py egg_info --egg-base ../build/test1 build --build-base /home/lydia-chheng/ros2_ws/src/build/test1/build install --record /home/lydia-chheng/ros2_ws/src/build/test1/install.log --single-version-externally-managed install_data
[3.826s] Level 1:colcon.colcon_core.environment:checking '/home/lydia-chheng/ros2_ws/src/install/test1' for CMake module files
[3.828s] Level 1:colcon.colcon_core.environment:checking '/home/lydia-chheng/ros2_ws/src/install/test1' for CMake config files
[3.830s] Level 1:colcon.colcon_core.environment:checking '/home/lydia-chheng/ros2_ws/src/install/test1/lib'
[3.831s] Level 1:colcon.colcon_core.environment:checking '/home/lydia-chheng/ros2_ws/src/install/test1/bin'
[3.831s] Level 1:colcon.colcon_core.environment:checking '/home/lydia-chheng/ros2_ws/src/install/test1/lib/pkgconfig/test1.pc'
[3.831s] Level 1:colcon.colcon_core.environment:checking '/home/lydia-chheng/ros2_ws/src/install/test1/lib/python3.10/site-packages'
[3.832s] Level 1:colcon.colcon_core.shell:create_environment_hook('test1', 'pythonpath')
[3.832s] INFO:colcon.colcon_core.shell:Creating environment hook '/home/lydia-chheng/ros2_ws/src/install/test1/share/test1/hook/pythonpath.ps1'
[3.833s] INFO:colcon.colcon_core.shell:Creating environment descriptor '/home/lydia-chheng/ros2_ws/src/install/test1/share/test1/hook/pythonpath.dsv'
[3.834s] INFO:colcon.colcon_core.shell:Creating environment hook '/home/lydia-chheng/ros2_ws/src/install/test1/share/test1/hook/pythonpath.sh'
[3.836s] Level 1:colcon.colcon_core.environment:checking '/home/lydia-chheng/ros2_ws/src/install/test1/bin'
[3.836s] Level 1:colcon.colcon_core.environment:create_environment_scripts_only(test1)
[3.837s] INFO:colcon.colcon_core.shell:Creating package script '/home/lydia-chheng/ros2_ws/src/install/test1/share/test1/package.ps1'
[3.839s] INFO:colcon.colcon_core.shell:Creating package descriptor '/home/lydia-chheng/ros2_ws/src/install/test1/share/test1/package.dsv'
[3.840s] INFO:colcon.colcon_core.shell:Creating package script '/home/lydia-chheng/ros2_ws/src/install/test1/share/test1/package.sh'
[3.843s] INFO:colcon.colcon_core.shell:Creating package script '/home/lydia-chheng/ros2_ws/src/install/test1/share/test1/package.bash'
[3.845s] INFO:colcon.colcon_core.shell:Creating package script '/home/lydia-chheng/ros2_ws/src/install/test1/share/test1/package.zsh'
[3.847s] Level 1:colcon.colcon_core.environment:create_file_with_runtime_dependencies(/home/lydia-chheng/ros2_ws/src/install/test1/share/colcon-core/packages/test1)
[3.961s] Level 1:colcon.colcon_core.environment:checking '/home/lydia-chheng/ros2_ws/src/install/test2' for CMake module files
[3.962s] DEBUG:colcon.colcon_core.event_handler.log_command:Invoked command in '/home/lydia-chheng/ros2_ws/src/test2' returned '0': PYTHONPATH=/home/lydia-chheng/ros2_ws/src/build/test2/prefix_override:/usr/lib/python3/dist-packages/colcon_core/task/python/colcon_distutils_commands:/home/lydia-chheng/ros2_ws/src/install/test2/lib/python3.10/site-packages:${PYTHONPATH} /usr/bin/python3 -W ignore:setup.py install is deprecated -W ignore:easy_install command is deprecated setup.py egg_info --egg-base ../build/test2 build --build-base /home/lydia-chheng/ros2_ws/src/build/test2/build install --record /home/lydia-chheng/ros2_ws/src/build/test2/install.log --single-version-externally-managed install_data
[3.962s] Level 1:colcon.colcon_core.environment:checking '/home/lydia-chheng/ros2_ws/src/install/test2' for CMake config files
[3.964s] Level 1:colcon.colcon_core.environment:checking '/home/lydia-chheng/ros2_ws/src/install/test2/lib'
[3.964s] Level 1:colcon.colcon_core.environment:checking '/home/lydia-chheng/ros2_ws/src/install/test2/bin'
[3.964s] Level 1:colcon.colcon_core.environment:checking '/home/lydia-chheng/ros2_ws/src/install/test2/lib/pkgconfig/test2.pc'
[3.964s] Level 1:colcon.colcon_core.environment:checking '/home/lydia-chheng/ros2_ws/src/install/test2/lib/python3.10/site-packages'
[3.964s] Level 1:colcon.colcon_core.shell:create_environment_hook('test2', 'pythonpath')
[3.965s] INFO:colcon.colcon_core.shell:Creating environment hook '/home/lydia-chheng/ros2_ws/src/install/test2/share/test2/hook/pythonpath.ps1'
[3.965s] INFO:colcon.colcon_core.shell:Creating environment descriptor '/home/lydia-chheng/ros2_ws/src/install/test2/share/test2/hook/pythonpath.dsv'
[3.966s] INFO:colcon.colcon_core.shell:Creating environment hook '/home/lydia-chheng/ros2_ws/src/install/test2/share/test2/hook/pythonpath.sh'
[3.967s] Level 1:colcon.colcon_core.environment:checking '/home/lydia-chheng/ros2_ws/src/install/test2/bin'
[3.967s] Level 1:colcon.colcon_core.environment:create_environment_scripts_only(test2)
[3.967s] INFO:colcon.colcon_core.shell:Creating package script '/home/lydia-chheng/ros2_ws/src/install/test2/share/test2/package.ps1'
[3.968s] INFO:colcon.colcon_core.shell:Creating package descriptor '/home/lydia-chheng/ros2_ws/src/install/test2/share/test2/package.dsv'
[3.969s] INFO:colcon.colcon_core.shell:Creating package script '/home/lydia-chheng/ros2_ws/src/install/test2/share/test2/package.sh'
[3.970s] INFO:colcon.colcon_core.shell:Creating package script '/home/lydia-chheng/ros2_ws/src/install/test2/share/test2/package.bash'
[3.970s] INFO:colcon.colcon_core.shell:Creating package script '/home/lydia-chheng/ros2_ws/src/install/test2/share/test2/package.zsh'
[3.971s] Level 1:colcon.colcon_core.environment:create_file_with_runtime_dependencies(/home/lydia-chheng/ros2_ws/src/install/test2/share/colcon-core/packages/test2)
[4.263s] Level 1:colcon.colcon_core.environment:checking '/home/lydia-chheng/ros2_ws/src/install/can_test' for CMake module files
[4.266s] DEBUG:colcon.colcon_core.event_handler.log_command:Invoked command in '/home/lydia-chheng/ros2_ws/src/can_test' returned '0': PYTHONPATH=/home/lydia-chheng/ros2_ws/src/build/can_test/prefix_override:/usr/lib/python3/dist-packages/colcon_core/task/python/colcon_distutils_commands:/home/lydia-chheng/ros2_ws/src/install/can_test/lib/python3.10/site-packages:${PYTHONPATH} /usr/bin/python3 -W ignore:setup.py install is deprecated -W ignore:easy_install command is deprecated setup.py egg_info --egg-base ../build/can_test build --build-base /home/lydia-chheng/ros2_ws/src/build/can_test/build install --record /home/lydia-chheng/ros2_ws/src/build/can_test/install.log --single-version-externally-managed install_data
[4.267s] Level 1:colcon.colcon_core.environment:checking '/home/lydia-chheng/ros2_ws/src/install/can_test' for CMake config files
[4.271s] Level 1:colcon.colcon_core.environment:checking '/home/lydia-chheng/ros2_ws/src/install/can_test/lib'
[4.271s] Level 1:colcon.colcon_core.environment:checking '/home/lydia-chheng/ros2_ws/src/install/can_test/bin'
[4.272s] Level 1:colcon.colcon_core.environment:checking '/home/lydia-chheng/ros2_ws/src/install/can_test/lib/pkgconfig/can_test.pc'
[4.273s] Level 1:colcon.colcon_core.environment:checking '/home/lydia-chheng/ros2_ws/src/install/can_test/lib/python3.10/site-packages'
[4.273s] Level 1:colcon.colcon_core.shell:create_environment_hook('can_test', 'pythonpath')
[4.274s] INFO:colcon.colcon_core.shell:Creating environment hook '/home/lydia-chheng/ros2_ws/src/install/can_test/share/can_test/hook/pythonpath.ps1'
[4.276s] INFO:colcon.colcon_core.shell:Creating environment descriptor '/home/lydia-chheng/ros2_ws/src/install/can_test/share/can_test/hook/pythonpath.dsv'
[4.278s] INFO:colcon.colcon_core.shell:Creating environment hook '/home/lydia-chheng/ros2_ws/src/install/can_test/share/can_test/hook/pythonpath.sh'
[4.280s] Level 1:colcon.colcon_core.environment:checking '/home/lydia-chheng/ros2_ws/src/install/can_test/bin'
[4.280s] Level 1:colcon.colcon_core.environment:create_environment_scripts_only(can_test)
[4.282s] INFO:colcon.colcon_core.shell:Creating package script '/home/lydia-chheng/ros2_ws/src/install/can_test/share/can_test/package.ps1'
[4.284s] INFO:colcon.colcon_core.shell:Creating package descriptor '/home/lydia-chheng/ros2_ws/src/install/can_test/share/can_test/package.dsv'
[4.286s] INFO:colcon.colcon_core.shell:Creating package script '/home/lydia-chheng/ros2_ws/src/install/can_test/share/can_test/package.sh'
[4.288s] INFO:colcon.colcon_core.shell:Creating package script '/home/lydia-chheng/ros2_ws/src/install/can_test/share/can_test/package.bash'
[4.289s] INFO:colcon.colcon_core.shell:Creating package script '/home/lydia-chheng/ros2_ws/src/install/can_test/share/can_test/package.zsh'
[4.291s] Level 1:colcon.colcon_core.environment:create_file_with_runtime_dependencies(/home/lydia-chheng/ros2_ws/src/install/can_test/share/colcon-core/packages/can_test)
[4.292s] DEBUG:colcon.colcon_parallel_executor.executor.parallel:closing loop
[4.294s] DEBUG:colcon.colcon_parallel_executor.executor.parallel:loop closed
[4.294s] DEBUG:colcon.colcon_parallel_executor.executor.parallel:run_until_complete finished with '0'
[4.294s] DEBUG:colcon.colcon_core.event_reactor:joining thread
[4.319s] INFO:colcon.colcon_core.plugin_system:Skipping extension 'colcon_notification.desktop_notification.terminal_notifier': Not used on non-Darwin systems
[4.319s] INFO:colcon.colcon_core.plugin_system:Skipping extension 'colcon_notification.desktop_notification.win32': Not used on non-Windows systems
[4.320s] INFO:colcon.colcon_notification.desktop_notification:Sending desktop notification using 'notify2'
[4.423s] DEBUG:colcon.colcon_core.event_reactor:joined thread
[4.425s] INFO:colcon.colcon_core.shell:Creating prefix script '/home/lydia-chheng/ros2_ws/src/install/local_setup.ps1'
[4.431s] INFO:colcon.colcon_core.shell:Creating prefix util module '/home/lydia-chheng/ros2_ws/src/install/_local_setup_util_ps1.py'
[4.434s] INFO:colcon.colcon_core.shell:Creating prefix chain script '/home/lydia-chheng/ros2_ws/src/install/setup.ps1'
[4.435s] INFO:colcon.colcon_core.shell:Creating prefix script '/home/lydia-chheng/ros2_ws/src/install/local_setup.sh'
[4.437s] INFO:colcon.colcon_core.shell:Creating prefix util module '/home/lydia-chheng/ros2_ws/src/install/_local_setup_util_sh.py'
[4.438s] INFO:colcon.colcon_core.shell:Creating prefix chain script '/home/lydia-chheng/ros2_ws/src/install/setup.sh'
[4.440s] INFO:colcon.colcon_core.shell:Creating prefix script '/home/lydia-chheng/ros2_ws/src/install/local_setup.bash'
[4.441s] INFO:colcon.colcon_core.shell:Creating prefix chain script '/home/lydia-chheng/ros2_ws/src/install/setup.bash'
[4.442s] INFO:colcon.colcon_core.shell:Creating prefix script '/home/lydia-chheng/ros2_ws/src/install/local_setup.zsh'
[4.443s] INFO:colcon.colcon_core.shell:Creating prefix chain script '/home/lydia-chheng/ros2_ws/src/install/setup.zsh'
